Log file open, 09/09/18 20:38:45
LogWindows: Failed to load 'aqProf.dll' (GetLastError=126)
LogWindows: File 'aqProf.dll' does not exist
LogWindows: Failed to load 'VtuneApi.dll' (GetLastError=126)
LogWindows: File 'VtuneApi.dll' does not exist
LogWindows: Failed to load 'VtuneApi32e.dll' (GetLastError=126)
LogWindows: File 'VtuneApi32e.dll' does not exist
LogInit: Display: Running engine for game: BlowStickTemplate
LogPlatformFile: Not using cached read wrapper
LogTaskGraph: Started task graph with 5 named threads and 14 total threads with 3 sets of task threads.
LogStats: Stats thread started at 0.189067
LogD3D11RHI: Loaded GFSDK_Aftermath_Lib.x64.dll
LogICUInternationalization: Display: ICU TimeZone Detection - Raw Offset: +1:00, Platform Override: ''
LogPluginManager: Mounting plugin Paper2D
LogPluginManager: Mounting plugin AISupport
LogPluginManager: Mounting plugin LightPropagationVolume
LogPluginManager: Mounting plugin CLionSourceCodeAccess
LogPluginManager: Mounting plugin CodeLiteSourceCodeAccess
LogPluginManager: Mounting plugin GitSourceControl
LogPluginManager: Mounting plugin KDevelopSourceCodeAccess
LogPluginManager: Mounting plugin NullSourceCodeAccess
LogPluginManager: Mounting plugin PerforceSourceControl
LogPluginManager: Mounting plugin SubversionSourceControl
LogPluginManager: Mounting plugin UObjectPlugin
LogPluginManager: Mounting plugin VisualStudioCodeSourceCodeAccess
LogPluginManager: Mounting plugin VisualStudioSourceCodeAccess
LogPluginManager: Mounting plugin XCodeSourceCodeAccess
LogPluginManager: Mounting plugin AssetManagerEditor
LogPluginManager: Mounting plugin CryptoKeys
LogPluginManager: Mounting plugin DataValidation
LogPluginManager: Mounting plugin FacialAnimation
LogPluginManager: Mounting plugin GameplayTagsEditor
LogPluginManager: Mounting plugin MacGraphicsSwitching
LogPluginManager: Mounting plugin MeshEditor
LogPluginManager: Mounting plugin MobileLauncherProfileWizard
LogPluginManager: Mounting plugin PluginBrowser
LogPluginManager: Mounting plugin SpeedTreeImporter
LogPluginManager: Mounting plugin DatasmithContent
LogPluginManager: Mounting plugin AlembicImporter
LogPluginManager: Mounting plugin AppleImageUtils
LogPluginManager: Mounting plugin AppleVision
LogPluginManager: Mounting plugin BackChannel
LogPluginManager: Mounting plugin CharacterAI
LogPluginManager: Mounting plugin GeometryCache
LogPluginManager: Mounting plugin HTML5Networking
LogPluginManager: Mounting plugin ProxyLODPlugin
LogPluginManager: Mounting plugin MagicLeap
LogPluginManager: Mounting plugin MagicLeapEmulator
LogPluginManager: Mounting plugin MagicLeapMedia
LogPluginManager: Mounting plugin SocketClient
LogPluginManager: Mounting plugin AndroidMedia
LogPluginManager: Mounting plugin AvfMedia
LogPluginManager: Mounting plugin ImgMedia
LogPluginManager: Mounting plugin LinearTimecode
LogPluginManager: Mounting plugin MediaCompositing
LogPluginManager: Mounting plugin MediaPlayerEditor
LogPluginManager: Mounting plugin WmfMedia
LogPluginManager: Mounting plugin TcpMessaging
LogPluginManager: Mounting plugin UdpMessaging
LogPluginManager: Mounting plugin ActorSequence
LogPluginManager: Mounting plugin LevelSequenceEditor
LogPluginManager: Mounting plugin MatineeToLevelSequence
LogPluginManager: Mounting plugin NetcodeUnitTest
LogPluginManager: Mounting plugin NUTUnrealEngine4
LogPluginManager: Mounting plugin OnlineSubsystemGooglePlay
LogPluginManager: Mounting plugin OnlineSubsystemIOS
LogPluginManager: Mounting plugin OnlineSubsystem
LogPluginManager: Mounting plugin OnlineSubsystemNull
LogPluginManager: Mounting plugin OnlineSubsystemUtils
LogPluginManager: Mounting plugin LauncherChunkInstaller
LogPluginManager: Mounting plugin AndroidDeviceProfileSelector
LogPluginManager: Mounting plugin AndroidMoviePlayer
LogPluginManager: Mounting plugin AndroidPermission
LogPluginManager: Mounting plugin AppleMoviePlayer
LogPluginManager: Mounting plugin ArchVisCharacter
LogPluginManager: Mounting plugin AudioCapture
LogPluginManager: Mounting plugin CableComponent
LogPluginManager: Mounting plugin CustomMeshComponent
LogPluginManager: Mounting plugin EditableMesh
LogPluginManager: Mounting plugin ExampleDeviceProfileSelector
LogPluginManager: Mounting plugin GoogleCloudMessaging
LogPluginManager: Mounting plugin ImmediatePhysics
LogPluginManager: Mounting plugin IOSDeviceProfileSelector
LogPluginManager: Mounting plugin LinuxDeviceProfileSelector
LogPluginManager: Mounting plugin LocationServicesBPLibrary
LogPluginManager: Mounting plugin MobilePatchingUtils
LogPluginManager: Mounting plugin OculusVR
LogPluginManager: Plugin shader directory ../../../Engine/Plugins/Runtime/Oculus/OculusVR/Shaders found
LogPluginManager: Mapping shader source directory ../../../Engine/Plugins/Runtime/Oculus/OculusVR/Shaders to virtual directory /Plugin/OculusVR
LogPluginManager: Mounting plugin PhysXVehicles
LogPluginManager: Mounting plugin ProceduralMeshComponent
LogPluginManager: Mounting plugin RuntimePhysXCooking
LogPluginManager: Mounting plugin SteamVR
LogPluginManager: Mounting plugin WindowsMoviePlayer
LogStreaming: Display: Took  0.089s to configure plugins.
LogInit: Using libcurl 7.55.1-DEV
LogInit:  - built for x86_64-pc-win32
LogInit:  - supports SSL with OpenSSL/1.0.2h
LogInit:  - supports HTTP deflate (compression) using libz 1.2.8
LogInit:  - other features:
LogInit:      CURL_VERSION_SSL
LogInit:      CURL_VERSION_LIBZ
LogInit:      CURL_VERSION_IPV6
LogInit:      CURL_VERSION_ASYNCHDNS
LogInit:      CURL_VERSION_LARGEFILE
LogInit:      CURL_VERSION_IDN
LogInit:  CurlRequestOptions (configurable via config and command line):
LogInit:  - bVerifyPeer = false  - Libcurl will NOT verify peer certificate
LogInit:  - bUseHttpProxy = false  - Libcurl will NOT use HTTP proxy
LogInit:  - bDontReuseConnections = false  - Libcurl will reuse connections
LogInit:  - CertBundlePath = nullptr  - Libcurl will use whatever was configured at build time.
LogInit:  - MaxHostConnections = 16  - Libcurl will limit the number of connections to a host
LogInit:  - LocalHostAddr = Default
LogInit:  - BufferSize = 65536
LogInit: WinSock: version 1.1 (2.2), MaxSocks=32767, MaxUdp=65467
LogInit: Build: ++UE4+Release-4.20-CL-4302132
LogInit: Engine Version: 4.20.2-4302132+++UE4+Release-4.20
LogInit: Compatible Engine Version: 4.20.0-4212847+++UE4+Release-4.20
LogInit: Net CL: 4212847
LogInit: OS: Windows 10 (), CPU: Intel(R) Core(TM) i5-4460  CPU @ 3.20GHz, GPU: Radeon RX Vega
LogInit: Compiled (64-bit): Aug 21 2018 02:06:06
LogInit: Compiled with Visual C++: 19.13.26129.00
LogInit: Build Configuration: Development
LogInit: Branch Name: ++UE4+Release-4.20
LogInit: Command Line: -EpicPortal 
LogInit: Base Directory: C:/Program Files/Epic Games/UE_4.20/Engine/Binaries/Win64/
LogInit: Installed Engine Build: 1
LogDevObjectVersion: Number of dev versions registered: 20
LogDevObjectVersion:   Dev-Blueprints (B0D832E4-1F89-4F0D-ACCF-7EB736FD4AA2): 10
LogDevObjectVersion:   Dev-Build (E1C64328-A22C-4D53-A36C-8E866417BD8C): 0
LogDevObjectVersion:   Dev-Core (375EC13C-06E4-48FB-B500-84F0262A717E): 2
LogDevObjectVersion:   Dev-Editor (E4B068ED-F494-42E9-A231-DA0B2E46BB41): 24
LogDevObjectVersion:   Dev-Framework (CFFC743F-43B0-4480-9391-14DF171D2073): 34
LogDevObjectVersion:   Dev-Mobile (B02B49B5-BB20-44E9-A304-32B752E40360): 2
LogDevObjectVersion:   Dev-Networking (A4E4105C-59A1-49B5-A7C5-40C4547EDFEE): 0
LogDevObjectVersion:   Dev-Online (39C831C9-5AE6-47DC-9A44-9C173E1C8E7C): 0
LogDevObjectVersion:   Dev-Physics (78F01B33-EBEA-4F98-B9B4-84EACCB95AA2): 0
LogDevObjectVersion:   Dev-Platform (6631380F-2D4D-43E0-8009-CF276956A95A): 0
LogDevObjectVersion:   Dev-Rendering (12F88B9F-8875-4AFC-A67C-D90C383ABD29): 26
LogDevObjectVersion:   Dev-Sequencer (7B5AE74C-D270-4C10-A958-57980B212A5A): 9
LogDevObjectVersion:   Dev-VR (D7296918-1DD6-4BDD-9DE2-64A83CC13884): 2
LogDevObjectVersion:   Dev-LoadTimes (C2A15278-BFE7-4AFE-6C17-90FF531DF755): 1
LogDevObjectVersion:   Private-Geometry (6EACA3D4-40EC-4CC1-B786-8BED09428FC5): 3
LogDevObjectVersion:   Dev-AnimPhys (29E575DD-E0A3-4627-9D10-D276232CDCEA): 17
LogDevObjectVersion:   Dev-ReflectionCapture (6B266CEC-1EC7-4B8F-A30B-E4D90942FC07): 1
LogDevObjectVersion:   Dev-Automation (0DF73D61-A23F-47EA-B727-89E90C41499A): 1
LogDevObjectVersion:   FortniteMain (601D1886-AC64-4F84-AA16-D3DE0DEAC7D6): 12
LogDevObjectVersion:   Dev-Enterprise (9DFFBCD6-494F-0158-E221-12823C92A888): 1
LogStreaming: Display: Took  0.000s to delete old logs.
LogInit: Presizing for max 8388607 objects, including 0 objects not considered by GC, pre-allocating 0 bytes for permanent pool.
LogInit: Object subsystem initialized
[2018.09.09-18.38.45:474][  0]LogInit: Selected Device Profile: [Windows]
[2018.09.09-18.38.45:474][  0]LogInit: Applying CVar settings loaded from the selected device profile: [Windows]
[2018.09.09-18.38.45:488][  0]LogHAL: Display: Platform has ~ 16 GB [17113829376 / 17179869184 / 16], which maps to Larger [LargestMinGB=32, LargerMinGB=12, DefaultMinGB=8, SmallerMinGB=6, SmallestMinGB=0)
[2018.09.09-18.38.45:488][  0]LogInit: Setting Device Profile CVar: [[r.Vulkan.UseRealUBs:1]]
[2018.09.09-18.38.45:488][  0]LogInit: Going up to parent DeviceProfile []
[2018.09.09-18.38.45:488][  0]LogInit: Computer: ZORANRAJCIC
[2018.09.09-18.38.45:488][  0]LogInit: User: Zoran
[2018.09.09-18.38.45:488][  0]LogInit: CPU Page size=4096, Cores=4
[2018.09.09-18.38.45:488][  0]LogInit: High frequency timer resolution =3.117783 MHz
[2018.09.09-18.38.45:488][  0]LogMemory: Memory total: Physical=15.9GB (16GB approx)
[2018.09.09-18.38.45:488][  0]LogMemory: Platform Memory Stats for Windows
[2018.09.09-18.38.45:488][  0]LogMemory: Process Physical Memory: 98.87 MB used, 98.87 MB peak
[2018.09.09-18.38.45:488][  0]LogMemory: Process Virtual Memory: 82.13 MB used, 82.13 MB peak
[2018.09.09-18.38.45:488][  0]LogMemory: Physical Memory: 5727.54 MB used,  10593.48 MB free, 16321.02 MB total
[2018.09.09-18.38.45:488][  0]LogMemory: Virtual Memory: 4618.49 MB used,  10593.48 MB free, 134217728.00 MB total
[2018.09.09-18.38.45:503][  0]LogInit: Using OS detected language (en-US).
[2018.09.09-18.38.45:503][  0]LogInit: Using OS detected locale (sr-Latn-RS).
[2018.09.09-18.38.45:504][  0]LogTextLocalizationManager: No specific localization for 'en-US' exists, so the 'en' localization will be used.
[2018.09.09-18.38.45:916][  0]LogStreaming: Display: Took  0.412s to InitEngineTextLocalization.
[2018.09.09-18.38.45:916][  0]LogInit: Setting process to per monitor DPI aware
[2018.09.09-18.38.45:951][  0]LogSlate: New Slate User Created.  User Index 0, Is Virtual User: 0
[2018.09.09-18.38.45:951][  0]LogSlate: Slate User Registered.  User Index 0, Is Virtual User: 0
[2018.09.09-18.38.46:138][  0]LogHMD: Failed to initialize OpenVR with code 110
[2018.09.09-18.38.46:138][  0]LogD3D11RHI: D3D11 adapters:
[2018.09.09-18.38.46:187][  0]LogD3D11RHI:    0. 'Radeon RX Vega' (Feature Level 11_0)
[2018.09.09-18.38.46:187][  0]LogD3D11RHI:       8121/0/8160 MB DedicatedVideo/DedicatedSystem/SharedSystem, Outputs:1, VendorId:0x1002
[2018.09.09-18.38.46:188][  0]LogD3D11RHI:    1. 'Microsoft Basic Render Driver' (Feature Level 11_0)
[2018.09.09-18.38.46:188][  0]LogD3D11RHI:       0/0/8160 MB DedicatedVideo/DedicatedSystem/SharedSystem, Outputs:0, VendorId:0x1414
[2018.09.09-18.38.46:188][  0]LogD3D11RHI: Chosen D3D11 Adapter: 0
[2018.09.09-18.38.46:193][  0]LogD3D11RHI: Creating new Direct3DDevice
[2018.09.09-18.38.46:193][  0]LogD3D11RHI:     GPU DeviceId: 0x687f (for the marketing name, search the web for "GPU Device Id")
[2018.09.09-18.38.46:193][  0]LogWindows: EnumDisplayDevices:
[2018.09.09-18.38.46:193][  0]LogWindows:    0. 'Radeon RX Vega' (P:1 D:1)
[2018.09.09-18.38.46:194][  0]LogWindows:    1. 'Radeon RX Vega' (P:0 D:0)
[2018.09.09-18.38.46:194][  0]LogWindows:    2. 'Radeon RX Vega' (P:0 D:0)
[2018.09.09-18.38.46:194][  0]LogWindows:    3. 'Radeon RX Vega' (P:0 D:0)
[2018.09.09-18.38.46:194][  0]LogWindows:    4. 'Radeon RX Vega' (P:0 D:0)
[2018.09.09-18.38.46:195][  0]LogWindows:    5. 'Radeon RX Vega' (P:0 D:0)
[2018.09.09-18.38.46:195][  0]LogWindows:    6. 'Radeon RX Vega' (P:0 D:0)
[2018.09.09-18.38.46:195][  0]LogWindows:    7. 'Radeon RX Vega' (P:0 D:0)
[2018.09.09-18.38.46:195][  0]LogWindows:    8. 'Radeon RX Vega' (P:0 D:0)
[2018.09.09-18.38.46:196][  0]LogWindows:    9. 'Radeon RX Vega' (P:0 D:0)
[2018.09.09-18.38.46:196][  0]LogWindows:    10. 'Radeon RX Vega' (P:0 D:0)
[2018.09.09-18.38.46:196][  0]LogWindows:    11. 'Radeon RX Vega' (P:0 D:0)
[2018.09.09-18.38.46:197][  0]LogWindows:    12. 'Radeon RX Vega' (P:0 D:0)
[2018.09.09-18.38.46:197][  0]LogWindows:    13. 'Radeon RX Vega' (P:0 D:0)
[2018.09.09-18.38.46:197][  0]LogWindows:    14. 'Radeon RX Vega' (P:0 D:0)
[2018.09.09-18.38.46:197][  0]LogWindows:    15. 'Radeon RX Vega' (P:0 D:0)
[2018.09.09-18.38.46:198][  0]LogWindows: DebugString: FoundDriverCount:16 
[2018.09.09-18.38.46:198][  0]LogD3D11RHI:     Adapter Name: Radeon RX Vega
[2018.09.09-18.38.46:198][  0]LogD3D11RHI:   Driver Version: Adrenalin 17.12.2 (internal:23.20.15007.1005, unified:23.20.15007.1005)
[2018.09.09-18.38.46:198][  0]LogD3D11RHI:      Driver Date: 12-17-2017
[2018.09.09-18.38.46:198][  0]LogRHI: Texture pool is 5684 MB (70% of 8121 MB)
[2018.09.09-18.38.46:259][  0]LogD3D11RHI: Async texture creation enabled
[2018.09.09-18.38.46:271][  0]LogD3D11RHI: GPU Timing Frequency: 27.000000 (Debug: 2 1)
[2018.09.09-18.38.46:272][  0]LogShaderCompilers: Guid format shader working directory is -27 characters bigger than the processId version (../../../../../../Users/Zoran/Documents/Unreal Projects/BlowStickTemplate/Intermediate/Shaders/WorkingDirectory/9132/).
[2018.09.09-18.38.46:272][  0]LogShaderCompilers: Cleaned the shader compiler working directory 'C:/Users/Zoran/AppData/Local/Temp/UnrealShaderWorkingDir/ABF01EF74F32C0458DE1D1A897E0BF96/'.
[2018.09.09-18.38.46:513][  0]LogTemp: Display: Loaded TP AllDesktopTargetPlatform
[2018.09.09-18.38.46:527][  0]LogTemp: Display: Loaded TP MacClientTargetPlatform
[2018.09.09-18.38.46:541][  0]LogTemp: Display: Loaded TP MacNoEditorTargetPlatform
[2018.09.09-18.38.46:555][  0]LogTemp: Display: Loaded TP MacServerTargetPlatform
[2018.09.09-18.38.46:570][  0]LogTemp: Display: Loaded TP MacTargetPlatform
[2018.09.09-18.38.46:584][  0]LogTemp: Display: Loaded TP WindowsClientTargetPlatform
[2018.09.09-18.38.46:598][  0]LogTemp: Display: Loaded TP WindowsNoEditorTargetPlatform
[2018.09.09-18.38.46:612][  0]LogTemp: Display: Loaded TP WindowsServerTargetPlatform
[2018.09.09-18.38.46:619][  0]LogTemp: Display: Loaded TP WindowsTargetPlatform
[2018.09.09-18.38.46:702][  0]LogTemp: Display: Loaded TP AndroidTargetPlatform
[2018.09.09-18.38.46:702][  0]LogTemp: Display: Loaded TP AndroidTargetPlatform
[2018.09.09-18.38.46:702][  0]LogTemp: Display: Loaded TP AndroidTargetPlatform
[2018.09.09-18.38.46:702][  0]LogTemp: Display: Loaded TP AndroidTargetPlatform
[2018.09.09-18.38.46:702][  0]LogTemp: Display: Loaded TP AndroidTargetPlatform
[2018.09.09-18.38.46:702][  0]LogTemp: Display: Loaded TP AndroidTargetPlatform
[2018.09.09-18.38.46:702][  0]LogTemp: Display: Loaded TP AndroidTargetPlatform
[2018.09.09-18.38.46:702][  0]LogTemp: Display: Loaded TP AndroidTargetPlatform
[2018.09.09-18.38.46:702][  0]LogTemp: Display: Loaded TP AndroidTargetPlatform
[2018.09.09-18.38.46:702][  0]LogTemp: Display: Loaded TP AndroidTargetPlatform
[2018.09.09-18.38.46:702][  0]LogTemp: Display: Loaded TP AndroidTargetPlatform
[2018.09.09-18.38.46:702][  0]LogTemp: Display: Loaded TP AndroidTargetPlatform
[2018.09.09-18.38.46:702][  0]LogTemp: Display: Loaded TP AndroidTargetPlatform
[2018.09.09-18.38.46:702][  0]LogTemp: Display: Loaded TP AndroidTargetPlatform
[2018.09.09-18.38.46:702][  0]LogTemp: Display: Loaded TP AndroidTargetPlatform
[2018.09.09-18.38.46:702][  0]LogTemp: Display: Loaded TP AndroidTargetPlatform
[2018.09.09-18.38.46:702][  0]LogTemp: Display: Loaded TP AndroidTargetPlatform
[2018.09.09-18.38.46:702][  0]LogTemp: Display: Loaded TP AndroidTargetPlatform
[2018.09.09-18.38.46:703][  0]LogTemp: Display: Loaded TP HTML5TargetPlatform
[2018.09.09-18.38.46:765][  0]LogTemp: Display: Loaded TP IOSTargetPlatform
[2018.09.09-18.38.46:765][  0]LogTemp: Display: Loaded TP IOSTargetPlatform
[2018.09.09-18.38.46:789][  0]LogTemp: Display: Loaded TP TVOSTargetPlatform
[2018.09.09-18.38.46:789][  0]LogTemp: Display: Loaded TP TVOSTargetPlatform
[2018.09.09-18.38.46:802][  0]LogTemp: Display: Loaded TP LinuxClientTargetPlatform
[2018.09.09-18.38.46:815][  0]LogTemp: Display: Loaded TP LinuxNoEditorTargetPlatform
[2018.09.09-18.38.46:828][  0]LogTemp: Display: Loaded TP LinuxServerTargetPlatform
[2018.09.09-18.38.46:842][  0]LogTemp: Display: Loaded TP LinuxTargetPlatform
[2018.09.09-18.38.46:851][  0]LogTemp: Display: Loaded TP LuminTargetPlatform
[2018.09.09-18.38.46:851][  0]LogTargetPlatformManager: Display: Building Assets For Windows
[2018.09.09-18.38.46:912][  0]LogXGEController: Cannot use XGE Controller as Incredibuild is not installed on this machine.
[2018.09.09-18.38.46:912][  0]LogShaderCompilers: Cannot use XGE Shader Compiler as Incredibuild is not installed on this machine.
[2018.09.09-18.38.46:912][  0]LogShaderCompilers: Display: Using Local Shader Compiler.
[2018.09.09-18.38.47:693][  0]LogDerivedDataCache: Display: Max Cache Size: 512 MB
[2018.09.09-18.38.47:750][  0]LogDerivedDataCache: Loaded boot cache 0.06s 71MB C:/Users/Zoran/AppData/Local/UnrealEngine/4.20/DerivedDataCache/Boot.ddc.
[2018.09.09-18.38.47:750][  0]LogDerivedDataCache: Display: Loaded Boot cache: C:/Users/Zoran/AppData/Local/UnrealEngine/4.20/DerivedDataCache/Boot.ddc
[2018.09.09-18.38.47:750][  0]LogDerivedDataCache: FDerivedDataBackendGraph:  Pak pak cache file ../../../../../../Users/Zoran/Documents/Unreal Projects/BlowStickTemplate/DerivedDataCache/DDC.ddp not found, will not use a pak cache.
[2018.09.09-18.38.47:750][  0]LogDerivedDataCache: Unable to find inner node Pak for hierarchical cache Hierarchy.
[2018.09.09-18.38.47:750][  0]LogDerivedDataCache: FDerivedDataBackendGraph:  CompressedPak pak cache file ../../../../../../Users/Zoran/Documents/Unreal Projects/BlowStickTemplate/DerivedDataCache/Compressed.ddp not found, will not use a pak cache.
[2018.09.09-18.38.47:750][  0]LogDerivedDataCache: Unable to find inner node CompressedPak for hierarchical cache Hierarchy.
[2018.09.09-18.38.47:764][  0]LogDerivedDataCache: Display: Pak cache opened for reading ../../../Engine/DerivedDataCache/Compressed.ddp.
[2018.09.09-18.38.47:776][  0]LogDerivedDataCache: Using Local data cache path C:/Users/Zoran/AppData/Local/UnrealEngine/Common/DerivedDataCache: Writable
[2018.09.09-18.38.47:776][  0]LogDerivedDataCache: Shared data cache path not found in *engine.ini, will not use an Shared cache.
[2018.09.09-18.38.47:776][  0]LogDerivedDataCache: Unable to find inner node Shared for hierarchical cache Hierarchy.
[2018.09.09-18.38.47:795][  0]LogMaterial: Verifying Global Shaders for PCD3D_SM5
[2018.09.09-18.38.47:797][  0]LogSlate: Using FreeType 2.6.0
[2018.09.09-18.38.47:798][  0]LogSlate: SlateFontServices - WITH_FREETYPE: 1, WITH_HARFBUZZ: 1
[2018.09.09-18.38.47:874][  0]LogAssetRegistry: FAssetRegistry took 0.0266 seconds to start up
[2018.09.09-18.38.48:206][  0]LogInit: Selected Device Profile: [Windows]
[2018.09.09-18.38.48:340][  0]LogSimplygon: Simplygon DLL not present - disabling.
[2018.09.09-18.38.48:344][  0]LogMeshReduction: Using SimplygonSwarm for distributed automatic mesh merging
[2018.09.09-18.38.48:344][  0]LogMeshReduction: Using ProxyLODMeshReduction for automatic mesh merging
[2018.09.09-18.38.48:344][  0]LogMeshReduction: Using QuadricMeshReduction for automatic static mesh reduction
[2018.09.09-18.38.48:344][  0]LogMeshReduction: No automatic skeletal mesh reduction module available
[2018.09.09-18.38.48:363][  0]LogNetVersion: BlowStickTemplate 1.0.0, NetCL: 4212847, EngineNetVer: 5, GameNetVer: 0 (Checksum: 3274951861)
[2018.09.09-18.38.48:859][  0]LogPackageLocalizationCache: Processed 11 localized package path(s) for 2 prioritized culture(s) in 0.093433 seconds
[2018.09.09-18.38.48:866][  0]LogUObjectArray: 38425 objects as part of root set at end of initial load.
[2018.09.09-18.38.48:866][  0]LogUObjectAllocator: 6690872 out of 0 bytes used by permanent object pool.
[2018.09.09-18.38.48:866][  0]LogUObjectArray: CloseDisregardForGC: 0/0 objects in disregard for GC pool
[2018.09.09-18.38.49:731][  0]LogTcpMessaging: Initializing TcpMessaging bridge
[2018.09.09-18.38.49:745][  0]LogUdpMessaging: Initializing bridge on interface 0.0.0.0:0 to multicast group 230.0.0.1:6666.
[2018.09.09-18.38.49:886][  0]SourceControl: Source control is disabled
[2018.09.09-18.38.49:886][  0]SourceControl: Source control is disabled
[2018.09.09-18.38.49:888][  0]SourceControl: Source control is disabled
[2018.09.09-18.38.49:889][  0]SourceControl: Source control is disabled
[2018.09.09-18.38.50:054][  0]LogAndroidPermission: UAndroidPermissionCallbackProxy::GetInstance
[2018.09.09-18.38.50:119][  0]LogOcInput: OculusInput pre-init called
[2018.09.09-18.38.50:182][  0]LogEngine: Initializing Engine...
[2018.09.09-18.38.50:183][  0]LogHMD: Failed to initialize OpenVR with code 110
[2018.09.09-18.38.50:185][  0]LogStats: UGameplayTagsManager::ConstructGameplayTagTree: ImportINI prefixes -  0.000 s
[2018.09.09-18.38.50:185][  0]LogStats: UGameplayTagsManager::ConstructGameplayTagTree: Construct from data asset -  0.000 s
[2018.09.09-18.38.50:185][  0]LogStats: UGameplayTagsManager::ConstructGameplayTagTree: ImportINI -  0.000 s
[2018.09.09-18.38.50:185][  0]LogStats: UGameplayTagsManager::ConstructGameplayTagTree: GameplayTagTreeChangedEvent.Broadcast -  0.000 s
[2018.09.09-18.38.50:405][  0]LogInit: Initializing FReadOnlyCVARCache
[2018.09.09-18.38.50:419][  0]LogAIModule: Creating AISystem for world Untitled
[2018.09.09-18.38.50:442][  0]LogInit: XAudio2 using 'Speakers (Realtek High Definition Audio)' : 2 channels at 48 kHz using 32 bits per sample (channel mask 0x3)
[2018.09.09-18.38.50:474][  0]LogInit: FAudioDevice initialized.
[2018.09.09-18.38.50:474][  0]LogNetVersion: Set ProjectVersion to 1.0.0.0. Version Checksum will be recalculated on next use.
[2018.09.09-18.38.50:544][  0]LogDerivedDataCache: Saved boot cache 0.07s 71MB C:/Users/Zoran/AppData/Local/UnrealEngine/4.20/DerivedDataCache/Boot.ddc.
[2018.09.09-18.38.50:550][  0]LogInit: Texture streaming: Enabled
[2018.09.09-18.38.50:566][  0]LogEngineSessionManager: EngineSessionManager initialized
[2018.09.09-18.38.50:578][  0]LogInit: Transaction tracking system initialized
[2018.09.09-18.38.50:601][  0]BlueprintLog: New page: Editor Load
[2018.09.09-18.38.50:676][  0]LocalizationService: Localization service is disabled
[2018.09.09-18.38.50:933][  0]LogCook: Display: Max memory allowance for cook 16384mb min free memory 0mb
[2018.09.09-18.38.50:933][  0]LogCook: Display: Mobile HDR setting 1
[2018.09.09-18.38.50:933][  0]LogGameplayTags: Display: UGameplayTagsManager::DoneAddingNativeTags. DelegateIsBound: 0
[2018.09.09-18.38.50:933][  0]LogStats: UGameplayTagsManager::ConstructGameplayTagTree: ImportINI prefixes -  0.000 s
[2018.09.09-18.38.50:933][  0]LogStats: UGameplayTagsManager::ConstructGameplayTagTree: Construct from data asset -  0.000 s
[2018.09.09-18.38.50:933][  0]LogStats: UGameplayTagsManager::ConstructGameplayTagTree: ImportINI -  0.000 s
[2018.09.09-18.38.50:933][  0]LogStats: UGameplayTagsManager::ConstructGameplayTagTree: GameplayTagTreeChangedEvent.Broadcast -  0.000 s
[2018.09.09-18.38.51:046][  0]LogFileCache: Scanning file cache for directory 'C:/Users/Zoran/Documents/Unreal Projects/BlowStickTemplate/Content/' took 0.01s
[2018.09.09-18.38.51:046][  0]SourceControl: Source control is disabled
[2018.09.09-18.38.51:046][  0]Cmd: MAP LOAD FILE="../../../../../../Users/Zoran/Documents/Unreal Projects/BlowStickTemplate/Content/StarterContent/Maps/Minimal_Default.umap" TEMPLATE=0 SHOWPROGRESS=1 FEATURELEVEL=3
[2018.09.09-18.38.51:046][  0]LightingResults: New page: Lighting Build
[2018.09.09-18.38.51:049][  0]MapCheck: New page: Map Check
[2018.09.09-18.38.51:049][  0]LightingResults: New page: Lighting Build
[2018.09.09-18.38.51:309][  0]LogAIModule: Creating AISystem for world Minimal_Default
[2018.09.09-18.38.51:315][  0]LogEditorServer: Finished looking for orphan Actors (0.000 secs)
[2018.09.09-18.38.51:368][  0]Cmd: MAP CHECKDEP NOCLEARLOG
[2018.09.09-18.38.51:432][  0]MapCheck: Map check complete: 0 Error(s), 0 Warning(s), took 63,453ms to complete.
[2018.09.09-18.38.51:432][  0]LogFileHelpers: Loading map 'Minimal_Default' took 0.386
[2018.09.09-18.38.51:508][  0]LogDirectoryWatcher: Warning: Failed to begin reading directory changes for ../../../../../../Users/Zoran/Documents/Unreal Projects/BlowStickTemplate/Plugins/. Error: The system cannot find the file specified. (0x00000002)
[2018.09.09-18.38.51:531][  0]LogSlate: Updating window title bar state: overlay mode, drag disabled, window buttons hidden, title bar hidden
[2018.09.09-18.38.51:538][  0]LogSlate: Updating window title bar state: overlay mode, drag disabled, window buttons hidden, title bar hidden
[2018.09.09-18.38.51:546][  0]LogSlate: Updating window title bar state: overlay mode, drag disabled, window buttons hidden, title bar hidden
[2018.09.09-18.38.51:554][  0]LogSlate: Updating window title bar state: overlay mode, drag disabled, window buttons hidden, title bar hidden
[2018.09.09-18.38.51:560][  0]LogCollectionManager: Loaded 0 collections in 0.001755 seconds
[2018.09.09-18.38.51:614][  0]LogFileCache: Scanning file cache for directory 'C:/Users/Zoran/Documents/Unreal Projects/BlowStickTemplate/Saved/Collections/' took 0.01s
[2018.09.09-18.38.51:614][  0]LogFileCache: Scanning file cache for directory 'C:/Users/Zoran/Documents/Unreal Projects/BlowStickTemplate/Content/Developers/Zoran/Collections/' took 0.01s
[2018.09.09-18.38.51:614][  0]LogFileCache: Scanning file cache for directory 'C:/Users/Zoran/Documents/Unreal Projects/BlowStickTemplate/Content/Collections/' took 0.01s
[2018.09.09-18.38.51:614][  0]LogCollectionManager: Rebuilt the GUID cache for 0 collections in 0.000000 seconds
[2018.09.09-18.38.51:623][  0]LogContentBrowser: Native class hierarchy populated in 0.0095 seconds. Added 2574 classes and 606 folders.
[2018.09.09-18.38.51:630][  0]LogContentBrowser: Native class hierarchy updated for 'WidgetCarousel' in 0.0003 seconds. Added 0 classes and 0 folders.
[2018.09.09-18.38.51:675][  0]LogContentBrowser: Native class hierarchy updated for 'AddContentDialog' in 0.0002 seconds. Added 0 classes and 0 folders.
[2018.09.09-18.38.51:679][  0]LogContentBrowser: Native class hierarchy updated for 'SceneOutliner' in 0.0003 seconds. Added 1 classes and 2 folders.
[2018.09.09-18.38.51:693][  0]LogSlate: Took 0.000198 seconds to synchronously load lazily loaded font '../../../Engine/Content/Slate/Fonts/Roboto-Regular.ttf' (155K)
[2018.09.09-18.38.51:695][  0]LogSlate: Took 0.000178 seconds to synchronously load lazily loaded font '../../../Engine/Content/Slate/Fonts/Roboto-Bold.ttf' (160K)
[2018.09.09-18.38.51:700][  0]LogSlate: Took 0.000267 seconds to synchronously load lazily loaded font '../../../Engine/Content/Editor/Slate/Fonts/FontAwesome.ttf' (139K)
[2018.09.09-18.38.51:781][  0]LogRenderer: Reallocating scene render targets to support 1020x600 Format 10 NumSamples 1 (Frame:1).
[2018.09.09-18.38.52:211][  0]LogContentBrowser: Native class hierarchy updated for 'HierarchicalLODOutliner' in 0.0003 seconds. Added 0 classes and 0 folders.
[2018.09.09-18.38.52:211][  0]LogLoad: (Engine Initialization) Total time: 8.24 seconds
[2018.09.09-18.38.52:211][  0]LogLoad: (Engine Initialization) Total Blueprint compile time: 0.00 seconds
[2018.09.09-18.38.52:221][  0]LogWindowsTextInputMethodSystem: Display: IME system now deactivated.
[2018.09.09-18.38.52:241][  0]LogContentStreaming: Texture pool size now 1000 MB
[2018.09.09-18.38.52:255][  0]LogSlate: Took 0.000204 seconds to synchronously load lazily loaded font '../../../Engine/Content/Slate/Fonts/Roboto-Light.ttf' (167K)
[2018.09.09-18.38.52:269][  1]LogAssetRegistry: Asset discovery search completed in 4.4174 seconds
[2018.09.09-18.38.52:270][  1]LogCollectionManager: Rebuilt the object cache for 0 collections in 0.000000 seconds (found 0 objects)
[2018.09.09-18.38.52:270][  1]LogCollectionManager: Fixed up redirectors for 0 collections in 0.000047 seconds (updated 0 objects)
[2018.09.09-18.38.58:896][785]LogSlate: FSceneViewport::OnFocusLost() reason 0
[2018.09.09-18.38.59:177][809]LogActorFactory: Actor Factory created Cube
[2018.09.09-18.39.01:044][ 29]LogActorFactory: Actor Factory created Cube
[2018.09.09-18.39.14:994][685]LogSlate: Took 0.000215 seconds to synchronously load lazily loaded font '../../../Engine/Content/Slate/Fonts/Roboto-Italic.ttf' (157K)
[2018.09.09-18.39.17:415][972]LogSlate: FSceneViewport::OnFocusLost() reason 0
[2018.09.09-18.39.18:082][ 48]LogSlate: Took 0.000185 seconds to synchronously load lazily loaded font '../../../Engine/Content/Slate/Fonts/Roboto-Light.ttf' (167K)
[2018.09.09-18.39.27:804][184]LogTemp: Repeating last play command: Selected Viewport
[2018.09.09-18.39.27:815][184]LogBlueprintUserMessages: Early PlayInEditor Detection: Level '/Game/StarterContent/Maps/Minimal_Default.Minimal_Default:PersistentLevel' has LevelScriptBlueprint '/Game/StarterContent/Maps/Minimal_Default.Minimal_Default:PersistentLevel.Minimal_Default' with GeneratedClass '/Game/StarterContent/Maps/Minimal_Default.Minimal_Default_C' with ClassGeneratedBy '/Game/StarterContent/Maps/Minimal_Default.Minimal_Default:PersistentLevel.Minimal_Default'
[2018.09.09-18.39.27:816][184]LogPlayLevel: PlayLevel: No blueprints needed recompiling
[2018.09.09-18.39.27:828][184]PIE: New page: PIE session: Minimal_Default (09.09.2018. 22.39.27)
[2018.09.09-18.39.27:828][184]LogPlayLevel: Creating play world package: /Game/StarterContent/Maps/UEDPIE_0_Minimal_Default
[2018.09.09-18.39.27:831][184]LogPlayLevel: PIE: StaticDuplicateObject took: (0.002677s)
[2018.09.09-18.39.27:831][184]LogAIModule: Creating AISystem for world Minimal_Default
[2018.09.09-18.39.27:832][184]LogPlayLevel: PIE: World Init took: (0.000834s)
[2018.09.09-18.39.27:832][184]LogPlayLevel: PIE: Created PIE world by copying editor world from /Game/StarterContent/Maps/Minimal_Default.Minimal_Default to /Game/StarterContent/Maps/UEDPIE_0_Minimal_Default.Minimal_Default (0.003675s)
[2018.09.09-18.39.27:861][184]LogInit: XAudio2 using 'Speakers (Realtek High Definition Audio)' : 2 channels at 48 kHz using 32 bits per sample (channel mask 0x3)
[2018.09.09-18.39.27:873][184]LogInit: FAudioDevice initialized.
[2018.09.09-18.39.27:915][184]LogLoad: Game class is 'GameModeBase'
[2018.09.09-18.39.27:917][184]LogWorld: Bringing World /Game/StarterContent/Maps/UEDPIE_0_Minimal_Default.Minimal_Default up for play (max tick rate 0) at 2018.09.09-20.39.27
[2018.09.09-18.39.27:917][184]LogWorld: Bringing up level for play took: 0.000710
[2018.09.09-18.39.27:934][184]LogContentBrowser: Native class hierarchy updated for 'MovieSceneCapture' in 0.0003 seconds. Added 10 classes and 0 folders.
[2018.09.09-18.39.27:935][184]PIE: Play in editor start time for /Game/StarterContent/Maps/UEDPIE_0_Minimal_Default 0,784
[2018.09.09-18.39.27:935][184]LogBlueprintUserMessages: Late PlayInEditor Detection: Level '/Game/StarterContent/Maps/Minimal_Default.Minimal_Default:PersistentLevel' has LevelScriptBlueprint '/Game/StarterContent/Maps/Minimal_Default.Minimal_Default:PersistentLevel.Minimal_Default' with GeneratedClass '/Game/StarterContent/Maps/Minimal_Default.Minimal_Default_C' with ClassGeneratedBy '/Game/StarterContent/Maps/Minimal_Default.Minimal_Default:PersistentLevel.Minimal_Default'
[2018.09.09-18.39.30:494][483]LogBlueprintUserMessages: Early EndPlayMap Detection: Level '/Game/StarterContent/Maps/Minimal_Default.Minimal_Default:PersistentLevel' has LevelScriptBlueprint '/Game/StarterContent/Maps/Minimal_Default.Minimal_Default:PersistentLevel.Minimal_Default' with GeneratedClass '/Game/StarterContent/Maps/Minimal_Default.Minimal_Default_C' with ClassGeneratedBy '/Game/StarterContent/Maps/Minimal_Default.Minimal_Default:PersistentLevel.Minimal_Default'
[2018.09.09-18.39.30:494][483]LogSlate: Updating window title bar state: overlay mode, drag disabled, window buttons hidden, title bar hidden
[2018.09.09-18.39.30:522][483]LogPlayLevel: Display: Shutting down PIE online subsystems
[2018.09.09-18.39.30:522][483]LogBlueprintUserMessages: Late EndPlayMap Detection: Level '/Game/StarterContent/Maps/Minimal_Default.Minimal_Default:PersistentLevel' has LevelScriptBlueprint '/Game/StarterContent/Maps/Minimal_Default.Minimal_Default:PersistentLevel.Minimal_Default' with GeneratedClass '/Game/StarterContent/Maps/Minimal_Default.Minimal_Default_C' with ClassGeneratedBy '/Game/StarterContent/Maps/Minimal_Default.Minimal_Default:PersistentLevel.Minimal_Default'
[2018.09.09-18.39.30:545][483]LogSlate: Updating window title bar state: overlay mode, drag disabled, window buttons hidden, title bar hidden
[2018.09.09-18.39.30:599][488]LogPlayLevel: Display: Destroying online subsystem :Context_3
[2018.09.09-18.39.36:450][179]LogEditorViewport: Clicking on Actor (LMB): StaticMeshActor (Cube)
[2018.09.09-18.39.40:578][667]LogSlate: FSceneViewport::OnFocusLost() reason 0
[2018.09.09-18.39.40:662][677]LogTemp: Repeating last play command: Selected Viewport
[2018.09.09-18.39.40:674][677]LogBlueprintUserMessages: Early PlayInEditor Detection: Level '/Game/StarterContent/Maps/Minimal_Default.Minimal_Default:PersistentLevel' has LevelScriptBlueprint '/Game/StarterContent/Maps/Minimal_Default.Minimal_Default:PersistentLevel.Minimal_Default' with GeneratedClass '/Game/StarterContent/Maps/Minimal_Default.Minimal_Default_C' with ClassGeneratedBy '/Game/StarterContent/Maps/Minimal_Default.Minimal_Default:PersistentLevel.Minimal_Default'
[2018.09.09-18.39.40:674][677]LogPlayLevel: PlayLevel: No blueprints needed recompiling
[2018.09.09-18.39.40:674][677]PIE: New page: PIE session: Minimal_Default (09.09.2018. 22.39.40)
[2018.09.09-18.39.40:674][677]LogPlayLevel: Creating play world package: /Game/StarterContent/Maps/UEDPIE_0_Minimal_Default
[2018.09.09-18.39.40:677][677]LogPlayLevel: PIE: StaticDuplicateObject took: (0.002816s)
[2018.09.09-18.39.40:678][677]LogAIModule: Creating AISystem for world Minimal_Default
[2018.09.09-18.39.40:678][677]LogPlayLevel: PIE: World Init took: (0.000731s)
[2018.09.09-18.39.40:678][677]LogPlayLevel: PIE: Created PIE world by copying editor world from /Game/StarterContent/Maps/Minimal_Default.Minimal_Default to /Game/StarterContent/Maps/UEDPIE_0_Minimal_Default.Minimal_Default (0.003682s)
[2018.09.09-18.39.40:707][677]LogInit: XAudio2 using 'Speakers (Realtek High Definition Audio)' : 2 channels at 48 kHz using 32 bits per sample (channel mask 0x3)
[2018.09.09-18.39.40:718][677]LogInit: FAudioDevice initialized.
[2018.09.09-18.39.40:747][677]LogLoad: Game class is 'GameModeBase'
[2018.09.09-18.39.40:748][677]LogWorld: Bringing World /Game/StarterContent/Maps/UEDPIE_0_Minimal_Default.Minimal_Default up for play (max tick rate 0) at 2018.09.09-20.39.40
[2018.09.09-18.39.40:749][677]LogWorld: Bringing up level for play took: 0.000760
[2018.09.09-18.39.40:761][677]PIE: Play in editor start time for /Game/StarterContent/Maps/UEDPIE_0_Minimal_Default -0,391
[2018.09.09-18.39.40:761][677]LogBlueprintUserMessages: Late PlayInEditor Detection: Level '/Game/StarterContent/Maps/Minimal_Default.Minimal_Default:PersistentLevel' has LevelScriptBlueprint '/Game/StarterContent/Maps/Minimal_Default.Minimal_Default:PersistentLevel.Minimal_Default' with GeneratedClass '/Game/StarterContent/Maps/Minimal_Default.Minimal_Default_C' with ClassGeneratedBy '/Game/StarterContent/Maps/Minimal_Default.Minimal_Default:PersistentLevel.Minimal_Default'
[2018.09.09-18.39.43:374][988]LogBlueprintUserMessages: Early EndPlayMap Detection: Level '/Game/StarterContent/Maps/Minimal_Default.Minimal_Default:PersistentLevel' has LevelScriptBlueprint '/Game/StarterContent/Maps/Minimal_Default.Minimal_Default:PersistentLevel.Minimal_Default' with GeneratedClass '/Game/StarterContent/Maps/Minimal_Default.Minimal_Default_C' with ClassGeneratedBy '/Game/StarterContent/Maps/Minimal_Default.Minimal_Default:PersistentLevel.Minimal_Default'
[2018.09.09-18.39.43:374][988]LogSlate: Updating window title bar state: overlay mode, drag disabled, window buttons hidden, title bar hidden
[2018.09.09-18.39.43:404][988]LogPlayLevel: Display: Shutting down PIE online subsystems
[2018.09.09-18.39.43:405][988]LogBlueprintUserMessages: Late EndPlayMap Detection: Level '/Game/StarterContent/Maps/Minimal_Default.Minimal_Default:PersistentLevel' has LevelScriptBlueprint '/Game/StarterContent/Maps/Minimal_Default.Minimal_Default:PersistentLevel.Minimal_Default' with GeneratedClass '/Game/StarterContent/Maps/Minimal_Default.Minimal_Default_C' with ClassGeneratedBy '/Game/StarterContent/Maps/Minimal_Default.Minimal_Default:PersistentLevel.Minimal_Default'
[2018.09.09-18.39.43:427][988]LogSlate: Updating window title bar state: overlay mode, drag disabled, window buttons hidden, title bar hidden
[2018.09.09-18.39.43:481][994]LogPlayLevel: Display: Destroying online subsystem :Context_4
[2018.09.09-18.39.51:743][977]LogEditorViewport: Clicking on Actor (LMB): StaticMeshActor (Cube)
[2018.09.09-18.39.56:793][575]LogSlate: FSceneViewport::OnFocusLost() reason 0
[2018.09.09-18.39.56:893][587]LogTemp: Repeating last play command: Selected Viewport
[2018.09.09-18.39.56:906][587]LogBlueprintUserMessages: Early PlayInEditor Detection: Level '/Game/StarterContent/Maps/Minimal_Default.Minimal_Default:PersistentLevel' has LevelScriptBlueprint '/Game/StarterContent/Maps/Minimal_Default.Minimal_Default:PersistentLevel.Minimal_Default' with GeneratedClass '/Game/StarterContent/Maps/Minimal_Default.Minimal_Default_C' with ClassGeneratedBy '/Game/StarterContent/Maps/Minimal_Default.Minimal_Default:PersistentLevel.Minimal_Default'
[2018.09.09-18.39.56:906][587]LogPlayLevel: PlayLevel: No blueprints needed recompiling
[2018.09.09-18.39.56:906][587]PIE: New page: PIE session: Minimal_Default (09.09.2018. 22.39.56)
[2018.09.09-18.39.56:907][587]LogPlayLevel: Creating play world package: /Game/StarterContent/Maps/UEDPIE_0_Minimal_Default
[2018.09.09-18.39.56:909][587]LogPlayLevel: PIE: StaticDuplicateObject took: (0.002790s)
[2018.09.09-18.39.56:910][587]LogAIModule: Creating AISystem for world Minimal_Default
[2018.09.09-18.39.56:910][587]LogPlayLevel: PIE: World Init took: (0.000824s)
[2018.09.09-18.39.56:910][587]LogPlayLevel: PIE: Created PIE world by copying editor world from /Game/StarterContent/Maps/Minimal_Default.Minimal_Default to /Game/StarterContent/Maps/UEDPIE_0_Minimal_Default.Minimal_Default (0.003733s)
[2018.09.09-18.39.56:939][587]LogInit: XAudio2 using 'Speakers (Realtek High Definition Audio)' : 2 channels at 48 kHz using 32 bits per sample (channel mask 0x3)
[2018.09.09-18.39.56:950][587]LogInit: FAudioDevice initialized.
[2018.09.09-18.39.56:979][587]LogLoad: Game class is 'GameModeBase'
[2018.09.09-18.39.56:980][587]LogWorld: Bringing World /Game/StarterContent/Maps/UEDPIE_0_Minimal_Default.Minimal_Default up for play (max tick rate 0) at 2018.09.09-20.39.56
[2018.09.09-18.39.56:980][587]LogWorld: Bringing up level for play took: 0.000623
[2018.09.09-18.39.56:993][587]PIE: Play in editor start time for /Game/StarterContent/Maps/UEDPIE_0_Minimal_Default -0,159
[2018.09.09-18.39.56:993][587]LogBlueprintUserMessages: Late PlayInEditor Detection: Level '/Game/StarterContent/Maps/Minimal_Default.Minimal_Default:PersistentLevel' has LevelScriptBlueprint '/Game/StarterContent/Maps/Minimal_Default.Minimal_Default:PersistentLevel.Minimal_Default' with GeneratedClass '/Game/StarterContent/Maps/Minimal_Default.Minimal_Default_C' with ClassGeneratedBy '/Game/StarterContent/Maps/Minimal_Default.Minimal_Default:PersistentLevel.Minimal_Default'
[2018.09.09-18.39.59:249][855]LogBlueprintUserMessages: Early EndPlayMap Detection: Level '/Game/StarterContent/Maps/Minimal_Default.Minimal_Default:PersistentLevel' has LevelScriptBlueprint '/Game/StarterContent/Maps/Minimal_Default.Minimal_Default:PersistentLevel.Minimal_Default' with GeneratedClass '/Game/StarterContent/Maps/Minimal_Default.Minimal_Default_C' with ClassGeneratedBy '/Game/StarterContent/Maps/Minimal_Default.Minimal_Default:PersistentLevel.Minimal_Default'
[2018.09.09-18.39.59:249][855]LogSlate: Updating window title bar state: overlay mode, drag disabled, window buttons hidden, title bar hidden
[2018.09.09-18.39.59:284][855]LogPlayLevel: Display: Shutting down PIE online subsystems
[2018.09.09-18.39.59:285][855]LogBlueprintUserMessages: Late EndPlayMap Detection: Level '/Game/StarterContent/Maps/Minimal_Default.Minimal_Default:PersistentLevel' has LevelScriptBlueprint '/Game/StarterContent/Maps/Minimal_Default.Minimal_Default:PersistentLevel.Minimal_Default' with GeneratedClass '/Game/StarterContent/Maps/Minimal_Default.Minimal_Default_C' with ClassGeneratedBy '/Game/StarterContent/Maps/Minimal_Default.Minimal_Default:PersistentLevel.Minimal_Default'
[2018.09.09-18.39.59:308][855]LogSlate: Updating window title bar state: overlay mode, drag disabled, window buttons hidden, title bar hidden
[2018.09.09-18.39.59:353][860]LogPlayLevel: Display: Destroying online subsystem :Context_5
[2018.09.09-18.40.27:417][194]LogSavePackage: Moving '../../../../../../Users/Zoran/Documents/Unreal Projects/BlowStickTemplate/Saved/Minimal_DefaultE97F498B428CDF9D30B5B2AEBD004334.tmp' to '../../../../../../Users/Zoran/Documents/Unreal Projects/BlowStickTemplate/Content/StarterContent/Maps/Minimal_Default.umap'
[2018.09.09-18.40.27:438][194]LogFileHelpers: Saving map 'Minimal_Default' took 0.193
