Log file open, 09/09/18 22:37:30
LogWindows: Failed to load 'aqProf.dll' (GetLastError=126)
LogWindows: File 'aqProf.dll' does not exist
LogWindows: Failed to load 'VtuneApi.dll' (GetLastError=126)
LogWindows: File 'VtuneApi.dll' does not exist
LogWindows: Failed to load 'VtuneApi32e.dll' (GetLastError=126)
LogWindows: File 'VtuneApi32e.dll' does not exist
LogInit: Display: Running engine for game: BlowStickTemplate
LogPlatformFile: Not using cached read wrapper
LogTaskGraph: Started task graph with 5 named threads and 14 total threads with 3 sets of task threads.
LogStats: Stats thread started at 0.189135
LogD3D11RHI: Loaded GFSDK_Aftermath_Lib.x64.dll
LogICUInternationalization: Display: ICU TimeZone Detection - Raw Offset: +1:00, Platform Override: ''
LogPluginManager: Mounting plugin Paper2D
LogPluginManager: Mounting plugin AISupport
LogPluginManager: Mounting plugin LightPropagationVolume
LogPluginManager: Mounting plugin CLionSourceCodeAccess
LogPluginManager: Mounting plugin CodeLiteSourceCodeAccess
LogPluginManager: Mounting plugin GitSourceControl
LogPluginManager: Mounting plugin KDevelopSourceCodeAccess
LogPluginManager: Mounting plugin NullSourceCodeAccess
LogPluginManager: Mounting plugin PerforceSourceControl
LogPluginManager: Mounting plugin SubversionSourceControl
LogPluginManager: Mounting plugin UObjectPlugin
LogPluginManager: Mounting plugin VisualStudioCodeSourceCodeAccess
LogPluginManager: Mounting plugin VisualStudioSourceCodeAccess
LogPluginManager: Mounting plugin XCodeSourceCodeAccess
LogPluginManager: Mounting plugin AssetManagerEditor
LogPluginManager: Mounting plugin CryptoKeys
LogPluginManager: Mounting plugin DataValidation
LogPluginManager: Mounting plugin FacialAnimation
LogPluginManager: Mounting plugin GameplayTagsEditor
LogPluginManager: Mounting plugin MacGraphicsSwitching
LogPluginManager: Mounting plugin MeshEditor
LogPluginManager: Mounting plugin MobileLauncherProfileWizard
LogPluginManager: Mounting plugin PluginBrowser
LogPluginManager: Mounting plugin SpeedTreeImporter
LogPluginManager: Mounting plugin DatasmithContent
LogPluginManager: Mounting plugin AlembicImporter
LogPluginManager: Mounting plugin AppleImageUtils
LogPluginManager: Mounting plugin AppleVision
LogPluginManager: Mounting plugin BackChannel
LogPluginManager: Mounting plugin CharacterAI
LogPluginManager: Mounting plugin GeometryCache
LogPluginManager: Mounting plugin HTML5Networking
LogPluginManager: Mounting plugin ProxyLODPlugin
LogPluginManager: Mounting plugin MagicLeap
LogPluginManager: Mounting plugin MagicLeapEmulator
LogPluginManager: Mounting plugin MagicLeapMedia
LogPluginManager: Mounting plugin SocketClient
LogPluginManager: Mounting plugin AndroidMedia
LogPluginManager: Mounting plugin AvfMedia
LogPluginManager: Mounting plugin ImgMedia
LogPluginManager: Mounting plugin LinearTimecode
LogPluginManager: Mounting plugin MediaCompositing
LogPluginManager: Mounting plugin MediaPlayerEditor
LogPluginManager: Mounting plugin WmfMedia
LogPluginManager: Mounting plugin TcpMessaging
LogPluginManager: Mounting plugin UdpMessaging
LogPluginManager: Mounting plugin ActorSequence
LogPluginManager: Mounting plugin LevelSequenceEditor
LogPluginManager: Mounting plugin MatineeToLevelSequence
LogPluginManager: Mounting plugin NetcodeUnitTest
LogPluginManager: Mounting plugin NUTUnrealEngine4
LogPluginManager: Mounting plugin OnlineSubsystemGooglePlay
LogPluginManager: Mounting plugin OnlineSubsystemIOS
LogPluginManager: Mounting plugin OnlineSubsystem
LogPluginManager: Mounting plugin OnlineSubsystemNull
LogPluginManager: Mounting plugin OnlineSubsystemUtils
LogPluginManager: Mounting plugin LauncherChunkInstaller
LogPluginManager: Mounting plugin AndroidDeviceProfileSelector
LogPluginManager: Mounting plugin AndroidMoviePlayer
LogPluginManager: Mounting plugin AndroidPermission
LogPluginManager: Mounting plugin AppleMoviePlayer
LogPluginManager: Mounting plugin ArchVisCharacter
LogPluginManager: Mounting plugin AudioCapture
LogPluginManager: Mounting plugin CableComponent
LogPluginManager: Mounting plugin CustomMeshComponent
LogPluginManager: Mounting plugin EditableMesh
LogPluginManager: Mounting plugin ExampleDeviceProfileSelector
LogPluginManager: Mounting plugin GoogleCloudMessaging
LogPluginManager: Mounting plugin ImmediatePhysics
LogPluginManager: Mounting plugin IOSDeviceProfileSelector
LogPluginManager: Mounting plugin LinuxDeviceProfileSelector
LogPluginManager: Mounting plugin LocationServicesBPLibrary
LogPluginManager: Mounting plugin MobilePatchingUtils
LogPluginManager: Mounting plugin OculusVR
LogPluginManager: Plugin shader directory ../../../Engine/Plugins/Runtime/Oculus/OculusVR/Shaders found
LogPluginManager: Mapping shader source directory ../../../Engine/Plugins/Runtime/Oculus/OculusVR/Shaders to virtual directory /Plugin/OculusVR
LogPluginManager: Mounting plugin PhysXVehicles
LogPluginManager: Mounting plugin ProceduralMeshComponent
LogPluginManager: Mounting plugin RuntimePhysXCooking
LogPluginManager: Mounting plugin SteamVR
LogPluginManager: Mounting plugin WindowsMoviePlayer
LogStreaming: Display: Took  0.048s to configure plugins.
LogInit: Using libcurl 7.55.1-DEV
LogInit:  - built for x86_64-pc-win32
LogInit:  - supports SSL with OpenSSL/1.0.2h
LogInit:  - supports HTTP deflate (compression) using libz 1.2.8
LogInit:  - other features:
LogInit:      CURL_VERSION_SSL
LogInit:      CURL_VERSION_LIBZ
LogInit:      CURL_VERSION_IPV6
LogInit:      CURL_VERSION_ASYNCHDNS
LogInit:      CURL_VERSION_LARGEFILE
LogInit:      CURL_VERSION_IDN
LogInit:  CurlRequestOptions (configurable via config and command line):
LogInit:  - bVerifyPeer = false  - Libcurl will NOT verify peer certificate
LogInit:  - bUseHttpProxy = false  - Libcurl will NOT use HTTP proxy
LogInit:  - bDontReuseConnections = false  - Libcurl will reuse connections
LogInit:  - CertBundlePath = nullptr  - Libcurl will use whatever was configured at build time.
LogInit:  - MaxHostConnections = 16  - Libcurl will limit the number of connections to a host
LogInit:  - LocalHostAddr = Default
LogInit:  - BufferSize = 65536
LogInit: WinSock: version 1.1 (2.2), MaxSocks=32767, MaxUdp=65467
LogInit: Build: ++UE4+Release-4.20-CL-4302132
LogInit: Engine Version: 4.20.2-4302132+++UE4+Release-4.20
LogInit: Compatible Engine Version: 4.20.0-4212847+++UE4+Release-4.20
LogInit: Net CL: 4212847
LogInit: OS: Windows 10 (), CPU: Intel(R) Core(TM) i5-4460  CPU @ 3.20GHz, GPU: Radeon RX Vega
LogInit: Compiled (64-bit): Aug 21 2018 02:06:06
LogInit: Compiled with Visual C++: 19.13.26129.00
LogInit: Build Configuration: Development
LogInit: Branch Name: ++UE4+Release-4.20
LogInit: Command Line:  /Game/StarterContent/Maps/Minimal_Default -game -PIEVIACONSOLE -ResX=1280 -ResY=720  -Multiprocess -messaging -SessionName="Play in Standalone Game" -windowed 
LogInit: Base Directory: C:/Program Files/Epic Games/UE_4.20/Engine/Binaries/Win64/
LogInit: Installed Engine Build: 1
LogDevObjectVersion: Number of dev versions registered: 20
LogDevObjectVersion:   Dev-Blueprints (B0D832E4-1F89-4F0D-ACCF-7EB736FD4AA2): 10
LogDevObjectVersion:   Dev-Build (E1C64328-A22C-4D53-A36C-8E866417BD8C): 0
LogDevObjectVersion:   Dev-Core (375EC13C-06E4-48FB-B500-84F0262A717E): 2
LogDevObjectVersion:   Dev-Editor (E4B068ED-F494-42E9-A231-DA0B2E46BB41): 24
LogDevObjectVersion:   Dev-Framework (CFFC743F-43B0-4480-9391-14DF171D2073): 34
LogDevObjectVersion:   Dev-Mobile (B02B49B5-BB20-44E9-A304-32B752E40360): 2
LogDevObjectVersion:   Dev-Networking (A4E4105C-59A1-49B5-A7C5-40C4547EDFEE): 0
LogDevObjectVersion:   Dev-Online (39C831C9-5AE6-47DC-9A44-9C173E1C8E7C): 0
LogDevObjectVersion:   Dev-Physics (78F01B33-EBEA-4F98-B9B4-84EACCB95AA2): 0
LogDevObjectVersion:   Dev-Platform (6631380F-2D4D-43E0-8009-CF276956A95A): 0
LogDevObjectVersion:   Dev-Rendering (12F88B9F-8875-4AFC-A67C-D90C383ABD29): 26
LogDevObjectVersion:   Dev-Sequencer (7B5AE74C-D270-4C10-A958-57980B212A5A): 9
LogDevObjectVersion:   Dev-VR (D7296918-1DD6-4BDD-9DE2-64A83CC13884): 2
LogDevObjectVersion:   Dev-LoadTimes (C2A15278-BFE7-4AFE-6C17-90FF531DF755): 1
LogDevObjectVersion:   Private-Geometry (6EACA3D4-40EC-4CC1-B786-8BED09428FC5): 3
LogDevObjectVersion:   Dev-AnimPhys (29E575DD-E0A3-4627-9D10-D276232CDCEA): 17
LogDevObjectVersion:   Dev-ReflectionCapture (6B266CEC-1EC7-4B8F-A30B-E4D90942FC07): 1
LogDevObjectVersion:   Dev-Automation (0DF73D61-A23F-47EA-B727-89E90C41499A): 1
LogDevObjectVersion:   FortniteMain (601D1886-AC64-4F84-AA16-D3DE0DEAC7D6): 12
LogDevObjectVersion:   Dev-Enterprise (9DFFBCD6-494F-0158-E221-12823C92A888): 1
LogStreaming: Display: Took  0.001s to delete old logs.
LogInit: Presizing for max 8388607 objects, including 0 objects not considered by GC, pre-allocating 0 bytes for permanent pool.
LogInit: Object subsystem initialized
[2018.09.09-20.37.30:952][  0]LogInit: Selected Device Profile: [Windows]
[2018.09.09-20.37.30:953][  0]LogInit: Applying CVar settings loaded from the selected device profile: [Windows]
[2018.09.09-20.37.30:956][  0]LogHAL: Display: Platform has ~ 16 GB [17113829376 / 17179869184 / 16], which maps to Larger [LargestMinGB=32, LargerMinGB=12, DefaultMinGB=8, SmallerMinGB=6, SmallestMinGB=0)
[2018.09.09-20.37.30:956][  0]LogInit: Setting Device Profile CVar: [[r.Vulkan.UseRealUBs:1]]
[2018.09.09-20.37.30:956][  0]LogInit: Going up to parent DeviceProfile []
[2018.09.09-20.37.30:957][  0]LogInit: Computer: ZORANRAJCIC
[2018.09.09-20.37.30:957][  0]LogInit: User: Zoran
[2018.09.09-20.37.30:957][  0]LogInit: CPU Page size=4096, Cores=4
[2018.09.09-20.37.30:957][  0]LogInit: High frequency timer resolution =3.117783 MHz
[2018.09.09-20.37.30:957][  0]LogMemory: Memory total: Physical=15.9GB (16GB approx)
[2018.09.09-20.37.30:957][  0]LogMemory: Platform Memory Stats for Windows
[2018.09.09-20.37.30:957][  0]LogMemory: Process Physical Memory: 100.17 MB used, 100.17 MB peak
[2018.09.09-20.37.30:957][  0]LogMemory: Process Virtual Memory: 88.81 MB used, 88.81 MB peak
[2018.09.09-20.37.30:957][  0]LogMemory: Physical Memory: 6413.43 MB used,  9907.59 MB free, 16321.02 MB total
[2018.09.09-20.37.30:957][  0]LogMemory: Virtual Memory: 4624.93 MB used,  9907.59 MB free, 134217728.00 MB total
[2018.09.09-20.37.30:972][  0]LogInit: Using OS detected language (en-US).
[2018.09.09-20.37.30:972][  0]LogInit: Using OS detected locale (sr-Latn-RS).
[2018.09.09-20.37.30:973][  0]LogTextLocalizationManager: No specific localization for 'en-US' exists, so the 'en' localization will be used.
[2018.09.09-20.37.30:973][  0]LogTextLocalizationManager: No localization for 'sr-Latn-RS' exists, so 'en' will be used for the locale.
[2018.09.09-20.37.31:399][  0]LogStreaming: Display: Took  0.427s to InitEngineTextLocalization.
[2018.09.09-20.37.31:420][  0]LogSlate: New Slate User Created.  User Index 0, Is Virtual User: 0
[2018.09.09-20.37.31:420][  0]LogSlate: Slate User Registered.  User Index 0, Is Virtual User: 0
[2018.09.09-20.37.31:426][  0]LogHMD: Failed to initialize OpenVR with code 110
[2018.09.09-20.37.31:426][  0]LogD3D11RHI: D3D11 adapters:
[2018.09.09-20.37.31:450][  0]LogD3D11RHI:    0. 'Radeon RX Vega' (Feature Level 11_0)
[2018.09.09-20.37.31:450][  0]LogD3D11RHI:       8121/0/8160 MB DedicatedVideo/DedicatedSystem/SharedSystem, Outputs:1, VendorId:0x1002
[2018.09.09-20.37.31:451][  0]LogD3D11RHI:    1. 'Microsoft Basic Render Driver' (Feature Level 11_0)
[2018.09.09-20.37.31:451][  0]LogD3D11RHI:       0/0/8160 MB DedicatedVideo/DedicatedSystem/SharedSystem, Outputs:0, VendorId:0x1414
[2018.09.09-20.37.31:451][  0]LogD3D11RHI: Chosen D3D11 Adapter: 0
[2018.09.09-20.37.31:457][  0]LogD3D11RHI: Creating new Direct3DDevice
[2018.09.09-20.37.31:457][  0]LogD3D11RHI:     GPU DeviceId: 0x687f (for the marketing name, search the web for "GPU Device Id")
[2018.09.09-20.37.31:457][  0]LogWindows: EnumDisplayDevices:
[2018.09.09-20.37.31:457][  0]LogWindows:    0. 'Radeon RX Vega' (P:1 D:1)
[2018.09.09-20.37.31:457][  0]LogWindows:    1. 'Radeon RX Vega' (P:0 D:0)
[2018.09.09-20.37.31:458][  0]LogWindows:    2. 'Radeon RX Vega' (P:0 D:0)
[2018.09.09-20.37.31:458][  0]LogWindows:    3. 'Radeon RX Vega' (P:0 D:0)
[2018.09.09-20.37.31:458][  0]LogWindows:    4. 'Radeon RX Vega' (P:0 D:0)
[2018.09.09-20.37.31:458][  0]LogWindows:    5. 'Radeon RX Vega' (P:0 D:0)
[2018.09.09-20.37.31:459][  0]LogWindows:    6. 'Radeon RX Vega' (P:0 D:0)
[2018.09.09-20.37.31:459][  0]LogWindows:    7. 'Radeon RX Vega' (P:0 D:0)
[2018.09.09-20.37.31:459][  0]LogWindows:    8. 'Radeon RX Vega' (P:0 D:0)
[2018.09.09-20.37.31:459][  0]LogWindows:    9. 'Radeon RX Vega' (P:0 D:0)
[2018.09.09-20.37.31:460][  0]LogWindows:    10. 'Radeon RX Vega' (P:0 D:0)
[2018.09.09-20.37.31:460][  0]LogWindows:    11. 'Radeon RX Vega' (P:0 D:0)
[2018.09.09-20.37.31:460][  0]LogWindows:    12. 'Radeon RX Vega' (P:0 D:0)
[2018.09.09-20.37.31:461][  0]LogWindows:    13. 'Radeon RX Vega' (P:0 D:0)
[2018.09.09-20.37.31:461][  0]LogWindows:    14. 'Radeon RX Vega' (P:0 D:0)
[2018.09.09-20.37.31:461][  0]LogWindows:    15. 'Radeon RX Vega' (P:0 D:0)
[2018.09.09-20.37.31:461][  0]LogWindows: DebugString: FoundDriverCount:16 
[2018.09.09-20.37.31:461][  0]LogD3D11RHI:     Adapter Name: Radeon RX Vega
[2018.09.09-20.37.31:461][  0]LogD3D11RHI:   Driver Version: Adrenalin 17.12.2 (internal:23.20.15007.1005, unified:23.20.15007.1005)
[2018.09.09-20.37.31:461][  0]LogD3D11RHI:      Driver Date: 12-17-2017
[2018.09.09-20.37.31:461][  0]LogRHI: Texture pool is 5684 MB (70% of 8121 MB)
[2018.09.09-20.37.31:523][  0]LogD3D11RHI: Async texture creation enabled
[2018.09.09-20.37.31:534][  0]LogD3D11RHI: GPU Timing Frequency: 27.000000 (Debug: 2 1)
[2018.09.09-20.37.31:535][  0]LogShaderCompilers: Guid format shader working directory is -27 characters bigger than the processId version (../../../../../../Users/Zoran/Documents/Unreal Projects/BlowStickTemplate/Intermediate/Shaders/WorkingDirectory/1776/).
[2018.09.09-20.37.31:535][  0]LogShaderCompilers: Cleaned the shader compiler working directory 'C:/Users/Zoran/AppData/Local/Temp/UnrealShaderWorkingDir/F22FCC9E4E7B2009B584ABB14B6BA16E/'.
[2018.09.09-20.37.31:785][  0]LogTemp: Display: Loaded TP WindowsClientTargetPlatform
[2018.09.09-20.37.31:799][  0]LogTemp: Display: Loaded TP WindowsNoEditorTargetPlatform
[2018.09.09-20.37.31:813][  0]LogTemp: Display: Loaded TP WindowsServerTargetPlatform
[2018.09.09-20.37.31:827][  0]LogTemp: Display: Loaded TP WindowsTargetPlatform
[2018.09.09-20.37.31:827][  0]LogTargetPlatformManager: Display: Building Assets For Windows
[2018.09.09-20.37.31:883][  0]LogXGEController: Cannot use XGE Controller as Incredibuild is not installed on this machine.
[2018.09.09-20.37.31:883][  0]LogShaderCompilers: Cannot use XGE Shader Compiler as Incredibuild is not installed on this machine.
[2018.09.09-20.37.31:883][  0]LogShaderCompilers: Display: Using Local Shader Compiler.
[2018.09.09-20.37.32:627][  0]LogDerivedDataCache: Display: Max Cache Size: 512 MB
[2018.09.09-20.37.32:680][  0]LogDerivedDataCache: Loaded boot cache 0.05s 71MB C:/Users/Zoran/AppData/Local/UnrealEngine/4.20/DerivedDataCache/Boot.ddc.
[2018.09.09-20.37.32:681][  0]LogDerivedDataCache: Display: Loaded Boot cache: C:/Users/Zoran/AppData/Local/UnrealEngine/4.20/DerivedDataCache/Boot.ddc
[2018.09.09-20.37.32:681][  0]LogDerivedDataCache: FDerivedDataBackendGraph:  Pak pak cache file ../../../../../../Users/Zoran/Documents/Unreal Projects/BlowStickTemplate/DerivedDataCache/DDC.ddp not found, will not use a pak cache.
[2018.09.09-20.37.32:681][  0]LogDerivedDataCache: Unable to find inner node Pak for hierarchical cache Hierarchy.
[2018.09.09-20.37.32:681][  0]LogDerivedDataCache: FDerivedDataBackendGraph:  CompressedPak pak cache file ../../../../../../Users/Zoran/Documents/Unreal Projects/BlowStickTemplate/DerivedDataCache/Compressed.ddp not found, will not use a pak cache.
[2018.09.09-20.37.32:681][  0]LogDerivedDataCache: Unable to find inner node CompressedPak for hierarchical cache Hierarchy.
[2018.09.09-20.37.32:694][  0]LogDerivedDataCache: Display: Pak cache opened for reading ../../../Engine/DerivedDataCache/Compressed.ddp.
[2018.09.09-20.37.32:707][  0]LogDerivedDataCache: Using Local data cache path C:/Users/Zoran/AppData/Local/UnrealEngine/Common/DerivedDataCache: Writable
[2018.09.09-20.37.32:707][  0]LogDerivedDataCache: Shared data cache path not found in *engine.ini, will not use an Shared cache.
[2018.09.09-20.37.32:707][  0]LogDerivedDataCache: Unable to find inner node Shared for hierarchical cache Hierarchy.
[2018.09.09-20.37.32:727][  0]LogMaterial: Verifying Global Shaders for PCD3D_SM5
[2018.09.09-20.37.32:729][  0]LogSlate: Using FreeType 2.6.0
[2018.09.09-20.37.32:729][  0]LogSlate: SlateFontServices - WITH_FREETYPE: 1, WITH_HARFBUZZ: 1
[2018.09.09-20.37.32:772][  0]LogInit: Using OS detected language (en-US).
[2018.09.09-20.37.32:772][  0]LogInit: Using OS detected locale (sr-Latn-RS).
[2018.09.09-20.37.32:772][  0]LogTextLocalizationManager: No localization for 'en-US' exists, so 'en' will be used for the language.
[2018.09.09-20.37.32:772][  0]LogTextLocalizationManager: No localization for 'sr-Latn-RS' exists, so 'en' will be used for the locale.
[2018.09.09-20.37.33:115][  0]LogStreaming: Display: Took  0.343s to InitGameTextLocalization.
[2018.09.09-20.37.33:122][  0]LogAssetRegistry: FAssetRegistry took 0.0044 seconds to start up
[2018.09.09-20.37.33:331][  0]LogPackageLocalizationCache: Processed 11 localized package path(s) for 1 prioritized culture(s) in 0.014066 seconds
[2018.09.09-20.37.33:438][  0]LogInit: Selected Device Profile: [Windows]
[2018.09.09-20.37.33:569][  0]LogSimplygon: Simplygon DLL not present - disabling.
[2018.09.09-20.37.33:572][  0]LogMeshReduction: Using SimplygonSwarm for distributed automatic mesh merging
[2018.09.09-20.37.33:572][  0]LogMeshReduction: Using ProxyLODMeshReduction for automatic mesh merging
[2018.09.09-20.37.33:572][  0]LogMeshReduction: Using QuadricMeshReduction for automatic static mesh reduction
[2018.09.09-20.37.33:572][  0]LogMeshReduction: No automatic skeletal mesh reduction module available
[2018.09.09-20.37.33:586][  0]LogNetVersion: BlowStickTemplate 1.0.0, NetCL: 4212847, EngineNetVer: 5, GameNetVer: 0 (Checksum: 3274951861)
[2018.09.09-20.37.34:081][  0]LogMoviePlayer: Initializing movie player
[2018.09.09-20.37.34:251][  0]LogTcpMessaging: Initializing TcpMessaging bridge
[2018.09.09-20.37.34:264][  0]LogUdpMessaging: Initializing bridge on interface 0.0.0.0:0 to multicast group 230.0.0.1:6666.
[2018.09.09-20.37.34:348][  0]SourceControl: Source control is disabled
[2018.09.09-20.37.34:348][  0]SourceControl: Source control is disabled
[2018.09.09-20.37.34:349][  0]SourceControl: Source control is disabled
[2018.09.09-20.37.34:470][  0]LogAndroidPermission: UAndroidPermissionCallbackProxy::GetInstance
[2018.09.09-20.37.34:530][  0]LogOcInput: OculusInput pre-init called
[2018.09.09-20.37.34:539][  0]LogUObjectArray: 42242 objects as part of root set at end of initial load.
[2018.09.09-20.37.34:539][  0]LogUObjectAllocator: 7445136 out of 0 bytes used by permanent object pool.
[2018.09.09-20.37.34:539][  0]LogUObjectArray: CloseDisregardForGC: 0/0 objects in disregard for GC pool
[2018.09.09-20.37.34:593][  0]LogEngine: Initializing Engine...
[2018.09.09-20.37.34:595][  0]LogHMD: Failed to initialize OpenVR with code 110
[2018.09.09-20.37.34:607][  0]LogStats: UGameplayTagsManager::ConstructGameplayTagTree: ImportINI prefixes -  0.000 s
[2018.09.09-20.37.34:607][  0]LogStats: UGameplayTagsManager::ConstructGameplayTagTree: Construct from data asset -  0.000 s
[2018.09.09-20.37.34:607][  0]LogStats: UGameplayTagsManager::ConstructGameplayTagTree: ImportINI -  0.000 s
[2018.09.09-20.37.34:607][  0]LogStats: UGameplayTagsManager::ConstructGameplayTagTree: GameplayTagTreeChangedEvent.Broadcast -  0.000 s
[2018.09.09-20.37.34:772][  0]LogInit: Initializing FReadOnlyCVARCache
[2018.09.09-20.37.34:785][  0]LogInit: XAudio2 using 'Speakers (Realtek High Definition Audio)' : 2 channels at 48 kHz using 32 bits per sample (channel mask 0x3)
[2018.09.09-20.37.34:801][  0]LogInit: FAudioDevice initialized.
[2018.09.09-20.37.34:813][  0]LogNetVersion: Set ProjectVersion to 1.0.0.0. Version Checksum will be recalculated on next use.
[2018.09.09-20.37.34:813][  0]LogInit: Texture streaming: Enabled
[2018.09.09-20.37.34:956][  0]LogSlate: Updating window title bar state: overlay mode, drag disabled, window buttons hidden, title bar hidden
[2018.09.09-20.37.34:956][  0]LogInit: Display: Game Engine Initialized.
[2018.09.09-20.37.34:956][  0]LogGameplayTags: Display: UGameplayTagsManager::DoneAddingNativeTags. DelegateIsBound: 0
[2018.09.09-20.37.34:956][  0]LogStats: UGameplayTagsManager::ConstructGameplayTagTree: ImportINI prefixes -  0.000 s
[2018.09.09-20.37.34:956][  0]LogStats: UGameplayTagsManager::ConstructGameplayTagTree: Construct from data asset -  0.000 s
[2018.09.09-20.37.34:957][  0]LogStats: UGameplayTagsManager::ConstructGameplayTagTree: ImportINI -  0.000 s
[2018.09.09-20.37.34:957][  0]LogStats: UGameplayTagsManager::ConstructGameplayTagTree: GameplayTagTreeChangedEvent.Broadcast -  0.000 s
[2018.09.09-20.37.34:970][  0]LogInit: Display: Starting Game.
[2018.09.09-20.37.34:971][  0]LogNet: Browse: /Game/StarterContent/Maps/Minimal_Default?Name=Player
[2018.09.09-20.37.34:971][  0]LogLoad: LoadMap: /Game/StarterContent/Maps/Minimal_Default?Name=Player
[2018.09.09-20.37.35:234][  0]LogAIModule: Creating AISystem for world Minimal_Default
[2018.09.09-20.37.35:234][  0]LogLoad: Game class is 'GameModeBase'
[2018.09.09-20.37.35:237][  0]LogWorld: Bringing World /Game/StarterContent/Maps/Minimal_Default.Minimal_Default up for play (max tick rate 0) at 2018.09.09-22.37.35
[2018.09.09-20.37.35:237][  0]LogWorld: Bringing up level for play took: 0.002329
[2018.09.09-20.37.35:243][  0]LogLoad: Took 0.272315 seconds to LoadMap(/Game/StarterContent/Maps/Minimal_Default)
[2018.09.09-20.37.35:311][  0]LogRenderer: Reallocating scene render targets to support 1280x720 Format 10 NumSamples 1 (Frame:1).
[2018.09.09-20.37.35:311][  0]LogLoad: (Engine Initialization) Total time: 5.77 seconds
[2018.09.09-20.37.35:311][  0]LogLoad: (Engine Initialization) Total Blueprint compile time: 0.00 seconds
[2018.09.09-20.37.35:342][  0]LogWindowsTextInputMethodSystem: Display: IME system now deactivated.
[2018.09.09-20.37.35:345][  0]LogContentStreaming: Texture pool size now 1000 MB
[2018.09.09-20.37.38:712][205]LogInit: WinSock: I am zoranrajcic (192.168.1.137:0)
[2018.09.09-20.37.38:712][205]LogBlueprintUserMessages: [BP_BlowStick_2] 192.168.1.137
[2018.09.09-20.37.38:724][205]LogBlueprintUserMessages: [BP_BlowStick_2] UDP Receiver Started on port 51237
[2018.09.09-20.38.04:266][789]Set new viewmode: Wireframe
[2018.09.09-20.38.04:941][831]Set new viewmode: Wireframe
[2018.09.09-20.38.05:506][866]Set new viewmode: Unlit
[2018.09.09-20.38.06:555][931]Set new viewmode: Lit
[2018.09.09-20.38.07:264][975]Set new viewmode: Lit_DetailLighting
[2018.09.09-20.38.08:345][ 42]Set new viewmode: Lit_DetailLighting
[2018.09.09-20.38.08:828][ 72]Set new viewmode: Lit
[2018.09.09-20.38.09:265][ 99]Set new viewmode: Unlit
[2018.09.09-20.38.10:167][155]Set new viewmode: Lit
[2018.09.09-20.38.10:474][174]Set new viewmode: Lit_DetailLighting
[2018.09.09-20.38.10:796][194]Set new viewmode: ShaderComplexity
[2018.09.09-20.38.12:862][317]Set new viewmode: Wireframe
[2018.09.09-20.38.13:120][333]Set new viewmode: Unlit
[2018.09.09-20.38.13:781][374]Set new viewmode: Wireframe
[2018.09.09-20.38.15:169][460]Set new viewmode: Unlit
[2018.09.09-20.38.15:701][493]Set new viewmode: Lit
[2018.09.09-20.38.16:572][547]Set new viewmode: Lit_DetailLighting
[2018.09.09-20.38.17:088][579]Set new viewmode: Lit
[2018.09.09-20.38.19:582][731]LogRenderer: Reallocating scene render targets to support 1920x1080 Format 10 NumSamples 1 (Frame:2732).
[2018.09.09-20.38.21:405][840]LogRenderer: Reallocating scene render targets to support 1280x720 Format 10 NumSamples 1 (Frame:2843).
[2018.09.09-20.38.26:802][172]LogSlate: Window 'BlowStickTemplate (64-bit Development PCD3D_SM5) ' being destroyed
[2018.09.09-20.38.26:803][172]LogWindowsTextInputMethodSystem: Display: IME system now deactivated.
[2018.09.09-20.38.26:808][172]LogSlate: Updating window title bar state: overlay mode, drag disabled, window buttons hidden, title bar hidden
[2018.09.09-20.38.26:808][172]LogEngine: All Windows Closed
[2018.09.09-20.38.26:808][172]LogWindows: FPlatformMisc::RequestExit(0)
[2018.09.09-20.38.27:628][173]LogExit: Preparing to exit.
[2018.09.09-20.38.27:628][173]LogMoviePlayer: Shutting down movie player
[2018.09.09-20.38.28:303][173]LogSlate: Updating window title bar state: overlay mode, drag disabled, window buttons hidden, title bar hidden
[2018.09.09-20.38.28:313][173]LogExit: Game engine shut down
[2018.09.09-20.38.28:541][173]LogExit: Object subsystem successfully closed.
[2018.09.09-20.38.28:556][173]LogShaderCompilers: Display: Shaders left to compile 0
[2018.09.09-20.38.28:559][173]LogD3D11RHI: Shutdown
[2018.09.09-20.38.28:559][173]LogD3D11RHI: CleanupD3DDevice
[2018.09.09-20.38.28:561][173]LogD3D11RHI: ~FD3D11DynamicRHI
[2018.09.09-20.38.28:573][173]LogModuleManager: Shutting down and abandoning module SequenceRecorderSections (378)
[2018.09.09-20.38.28:573][173]LogModuleManager: Shutting down and abandoning module SequenceRecorder (376)
[2018.09.09-20.38.28:573][173]LogModuleManager: Shutting down and abandoning module AutomationController (374)
[2018.09.09-20.38.28:573][173]LogModuleManager: Shutting down and abandoning module AutomationWorker (372)
[2018.09.09-20.38.28:573][173]LogModuleManager: Shutting down and abandoning module Voice (370)
[2018.09.09-20.38.28:573][173]LogModuleManager: Shutting down and abandoning module AIModule (368)
[2018.09.09-20.38.28:573][173]LogModuleManager: Shutting down and abandoning module GameplayDebugger (367)
[2018.09.09-20.38.28:573][173]LogModuleManager: Shutting down and abandoning module AITestSuite (365)
[2018.09.09-20.38.28:573][173]LogModuleManager: Shutting down and abandoning module NavigationSystem (363)
[2018.09.09-20.38.28:573][173]LogModuleManager: Shutting down and abandoning module WmfMediaFactory (360)
[2018.09.09-20.38.28:573][173]LogModuleManager: Shutting down and abandoning module OpenExrWrapper (358)
[2018.09.09-20.38.28:573][173]LogModuleManager: Shutting down and abandoning module ImgMediaFactory (356)
[2018.09.09-20.38.28:573][173]LogModuleManager: Shutting down and abandoning module AvfMediaFactory (354)
[2018.09.09-20.38.28:573][173]LogModuleManager: Shutting down and abandoning module MagicLeapCameraPreviewFactory (352)
[2018.09.09-20.38.28:573][173]LogModuleManager: Shutting down and abandoning module MagicLeapMediaFactory (350)
[2018.09.09-20.38.28:573][173]LogModuleManager: Shutting down and abandoning module CharacterAI (348)
[2018.09.09-20.38.28:573][173]LogModuleManager: Shutting down and abandoning module SessionServices (346)
[2018.09.09-20.38.28:573][173]LogModuleManager: Shutting down and abandoning module MovieSceneCapture (344)
[2018.09.09-20.38.28:573][173]LogModuleManager: Shutting down and abandoning module MovieSceneTracks (342)
[2018.09.09-20.38.28:573][173]LogModuleManager: Shutting down and abandoning module MovieScene (340)
[2018.09.09-20.38.28:573][173]LogModuleManager: Shutting down and abandoning module StreamingPauseRendering (338)
[2018.09.09-20.38.28:573][173]LogModuleManager: Shutting down and abandoning module PortalServices (336)
[2018.09.09-20.38.28:573][173]LogModuleManager: Shutting down and abandoning module PortalRpc (334)
[2018.09.09-20.38.28:573][173]LogModuleManager: Shutting down and abandoning module MessagingRpc (332)
[2018.09.09-20.38.28:573][173]LogModuleManager: Shutting down and abandoning module ProfilerService (330)
[2018.09.09-20.38.28:660][173]LogModuleManager: Shutting down and abandoning module TaskGraph (328)
[2018.09.09-20.38.28:661][173]LogModuleManager: Shutting down and abandoning module SteamVRController (326)
[2018.09.09-20.38.28:661][173]LogModuleManager: Shutting down and abandoning module ProceduralMeshComponent (324)
[2018.09.09-20.38.28:661][173]LogModuleManager: Shutting down and abandoning module OculusInput (322)
[2018.09.09-20.38.28:661][173]LogModuleManager: Shutting down and abandoning module MobilePatchingUtils (320)
[2018.09.09-20.38.28:661][173]LogModuleManager: Shutting down and abandoning module EditableMesh (318)
[2018.09.09-20.38.28:661][173]LogModuleManager: Shutting down and abandoning module CustomMeshComponent (316)
[2018.09.09-20.38.28:661][173]LogModuleManager: Shutting down and abandoning module CableComponent (314)
[2018.09.09-20.38.28:661][173]LogModuleManager: Shutting down and abandoning module AudioCapture (312)
[2018.09.09-20.38.28:661][173]LogModuleManager: Shutting down and abandoning module ArchVisCharacter (310)
[2018.09.09-20.38.28:661][173]LogModuleManager: Shutting down and abandoning module AndroidPermission (308)
[2018.09.09-20.38.28:661][173]LogModuleManager: Shutting down and abandoning module NUTUnrealEngine4 (306)
[2018.09.09-20.38.28:661][173]LogModuleManager: Shutting down and abandoning module NetcodeUnitTest (304)
[2018.09.09-20.38.28:661][173]LogModuleManager: Shutting down and abandoning module MediaCompositing (302)
[2018.09.09-20.38.28:661][173]LogModuleManager: Shutting down and abandoning module LinearTimecode (300)
[2018.09.09-20.38.28:661][173]LogModuleManager: Shutting down and abandoning module ImgMedia (298)
[2018.09.09-20.38.28:663][173]LogModuleManager: Shutting down and abandoning module HTML5Networking (296)
[2018.09.09-20.38.28:663][173]LogModuleManager: Shutting down and abandoning module GeometryCacheTracks (294)
[2018.09.09-20.38.28:663][173]LogModuleManager: Shutting down and abandoning module GeometryCacheSequencer (293)
[2018.09.09-20.38.28:663][173]LogModuleManager: Shutting down and abandoning module GeometryCache (290)
[2018.09.09-20.38.28:663][173]LogModuleManager: Shutting down and abandoning module GeometryCacheEd (289)
[2018.09.09-20.38.28:664][173]LogModuleManager: Shutting down and abandoning module BackChannel (286)
[2018.09.09-20.38.28:664][173]LogModuleManager: Shutting down and abandoning module AppleVision (284)
[2018.09.09-20.38.28:664][173]LogModuleManager: Shutting down and abandoning module AppleImageUtils (282)
[2018.09.09-20.38.28:664][173]LogModuleManager: Shutting down and abandoning module DatasmithContent (280)
[2018.09.09-20.38.28:664][173]LogModuleManager: Shutting down and abandoning module CryptoKeysOpenSSL (278)
[2018.09.09-20.38.28:664][173]LogModuleManager: Shutting down and abandoning module CryptoKeys (276)
[2018.09.09-20.38.28:664][173]LogModuleManager: Shutting down and abandoning module VisualStudioSourceCodeAccess (274)
[2018.09.09-20.38.28:664][173]LogModuleManager: Shutting down and abandoning module HotReload (273)
[2018.09.09-20.38.28:664][173]LogModuleManager: Shutting down and abandoning module DirectoryWatcher (272)
[2018.09.09-20.38.28:664][173]LogModuleManager: Shutting down and abandoning module VisualStudioCodeSourceCodeAccess (268)
[2018.09.09-20.38.28:664][173]LogModuleManager: Shutting down and abandoning module UObjectPlugin (266)
[2018.09.09-20.38.28:664][173]LogModuleManager: Shutting down and abandoning module SubversionSourceControl (264)
[2018.09.09-20.38.28:664][173]LogModuleManager: Shutting down and abandoning module PerforceSourceControl (262)
[2018.09.09-20.38.28:664][173]LogModuleManager: Shutting down and abandoning module SourceControl (261)
[2018.09.09-20.38.28:664][173]LogModuleManager: Shutting down and abandoning module CLionSourceCodeAccess (258)
[2018.09.09-20.38.28:664][173]LogModuleManager: Shutting down and abandoning module RuntimePhysXCooking (256)
[2018.09.09-20.38.28:664][173]LogModuleManager: Shutting down and abandoning module PhysXVehiclesEditor (254)
[2018.09.09-20.38.28:664][173]LogModuleManager: Shutting down and abandoning module PhysXVehicles (252)
[2018.09.09-20.38.28:664][173]LogModuleManager: Shutting down and abandoning module LocationServicesBPLibrary (250)
[2018.09.09-20.38.28:664][173]LogModuleManager: Shutting down and abandoning module ImmediatePhysicsEditor (248)
[2018.09.09-20.38.28:664][173]LogModuleManager: Shutting down and abandoning module ImmediatePhysics (246)
[2018.09.09-20.38.28:665][173]LogModuleManager: Shutting down and abandoning module ActorSequence (244)
[2018.09.09-20.38.28:665][173]LogModuleManager: Shutting down and abandoning module UdpMessaging (242)
[2018.09.09-20.38.28:766][173]LogModuleManager: Shutting down and abandoning module TcpMessaging (240)
[2018.09.09-20.38.29:282][173]LogModuleManager: Shutting down and abandoning module MagicLeapAudio (238)
[2018.09.09-20.38.29:282][173]LogModuleManager: Shutting down and abandoning module GameplayTagsEditor (236)
[2018.09.09-20.38.29:282][173]LogModuleManager: Shutting down and abandoning module FacialAnimation (234)
[2018.09.09-20.38.29:282][173]LogModuleManager: Shutting down and abandoning module DataValidation (232)
[2018.09.09-20.38.29:282][173]LogModuleManager: Shutting down and abandoning module AssetManagerEditor (230)
[2018.09.09-20.38.29:282][173]LogModuleManager: Shutting down and abandoning module TreeMap (229)
[2018.09.09-20.38.29:282][173]LogModuleManager: Shutting down and abandoning module LightPropagationVolumeRuntime (226)
[2018.09.09-20.38.29:282][173]LogModuleManager: Shutting down and abandoning module AISupportModule (224)
[2018.09.09-20.38.29:282][173]LogModuleManager: Shutting down and abandoning module Paper2D (222)
[2018.09.09-20.38.29:282][173]LogModuleManager: Shutting down and abandoning module PIEPreviewDeviceProfileSelector (220)
[2018.09.09-20.38.29:282][173]LogModuleManager: Shutting down and abandoning module WindowsMoviePlayer (218)
[2018.09.09-20.38.29:282][173]LogModuleManager: Shutting down and abandoning module WmfMedia (216)
[2018.09.09-20.38.29:283][173]LogModuleManager: Shutting down and abandoning module Media (215)
[2018.09.09-20.38.29:289][173]LogModuleManager: Shutting down and abandoning module SocketClient (212)
[2018.09.09-20.38.29:289][173]LogModuleManager: Shutting down and abandoning module PacketHandler (210)
[2018.09.09-20.38.29:289][173]LogModuleManager: Shutting down and abandoning module ClothingSystemEditor (208)
[2018.09.09-20.38.29:289][173]LogModuleManager: Shutting down and abandoning module ClothingSystemRuntime (206)
[2018.09.09-20.38.29:289][173]LogModuleManager: Shutting down and abandoning module MediaAssets (204)
[2018.09.09-20.38.29:289][173]LogModuleManager: Shutting down and abandoning module Overlay (202)
[2018.09.09-20.38.29:289][173]LogModuleManager: Shutting down and abandoning module OverlayEditor (201)
[2018.09.09-20.38.29:289][173]LogModuleManager: Shutting down and abandoning module VREditor (198)
[2018.09.09-20.38.29:289][173]LogModuleManager: Shutting down and abandoning module StringTableEditor (196)
[2018.09.09-20.38.29:289][173]LogModuleManager: Shutting down and abandoning module GameplayTasksEditor (194)
[2018.09.09-20.38.29:289][173]LogModuleManager: Shutting down and abandoning module BehaviorTreeEditor (192)
[2018.09.09-20.38.29:289][173]LogModuleManager: Shutting down and abandoning module FunctionalTesting (190)
[2018.09.09-20.38.29:289][173]LogModuleManager: Shutting down and abandoning module CollisionAnalyzer (188)
[2018.09.09-20.38.29:289][173]LogModuleManager: Shutting down and abandoning module WorkspaceMenuStructure (187)
[2018.09.09-20.38.29:289][173]LogModuleManager: Shutting down and abandoning module UMG (184)
[2018.09.09-20.38.29:290][173]LogModuleManager: Shutting down and abandoning module UMGEditor (183)
[2018.09.09-20.38.29:290][173]LogModuleManager: Shutting down and abandoning module Sequencer (182)
[2018.09.09-20.38.29:290][173]LogModuleManager: Shutting down and abandoning module MessageLog (179)
[2018.09.09-20.38.29:290][173]LogModuleManager: Shutting down and abandoning module SlateReflector (174)
[2018.09.09-20.38.29:290][173]LogModuleManager: Shutting down and abandoning module Slate (172)
[2018.09.09-20.38.29:290][173]LogModuleManager: Shutting down and abandoning module EditorStyle (170)
[2018.09.09-20.38.29:291][173]LogModuleManager: Shutting down and abandoning module MRMesh (168)
[2018.09.09-20.38.29:291][173]LogModuleManager: Shutting down and abandoning module Messaging (166)
[2018.09.09-20.38.29:291][173]LogModuleManager: Shutting down and abandoning module SourceCodeAccess (164)
[2018.09.09-20.38.29:291][173]LogModuleManager: Shutting down and abandoning module HeadMountedDisplay (162)
[2018.09.09-20.38.29:291][173]LogModuleManager: Shutting down and abandoning module XAudio2 (160)
[2018.09.09-20.38.29:291][173]LogModuleManager: Shutting down and abandoning module Networking (158)
[2018.09.09-20.38.29:291][173]LogModuleManager: Shutting down and abandoning module Core (156)
[2018.09.09-20.38.29:291][173]LogModuleManager: Shutting down and abandoning module LevelSequence (154)
[2018.09.09-20.38.29:291][173]LogModuleManager: Shutting down and abandoning module KismetCompiler (152)
[2018.09.09-20.38.29:291][173]LogModuleManager: Shutting down and abandoning module MeshUtilities (150)
[2018.09.09-20.38.29:291][173]LogModuleManager: Shutting down and abandoning module MeshMergeUtilities (149)
[2018.09.09-20.38.29:291][173]LogModuleManager: Shutting down and abandoning module MeshReductionInterface (148)
[2018.09.09-20.38.29:291][173]LogModuleManager: Shutting down and abandoning module SimplygonSwarm (147)
[2018.09.09-20.38.29:291][173]LogModuleManager: Shutting down and abandoning module ProxyLODMeshReduction (145)
[2018.09.09-20.38.29:291][173]LogModuleManager: Shutting down and abandoning module SimplygonMeshReduction (143)
[2018.09.09-20.38.29:291][173]LogModuleManager: Shutting down and abandoning module QuadricMeshReduction (141)
[2018.09.09-20.38.29:291][173]LogModuleManager: Shutting down and abandoning module MaterialBaking (137)
[2018.09.09-20.38.29:291][173]LogModuleManager: Shutting down and abandoning module DerivedDataCache (132)
[2018.09.09-20.38.29:759][173]LogDerivedDataCache: Shutdown
[2018.09.09-20.38.29:759][173]LogModuleManager: Shutting down and abandoning module XGEController (130)
[2018.09.09-20.38.29:759][173]LogModuleManager: Shutting down and abandoning module TargetPlatform (128)
[2018.09.09-20.38.29:759][173]LogModuleManager: Shutting down and abandoning module VulkanShaderFormat (127)
[2018.09.09-20.38.29:759][173]LogModuleManager: Shutting down and abandoning module ShaderFormatVectorVM (125)
[2018.09.09-20.38.29:759][173]LogModuleManager: Shutting down and abandoning module ShaderFormatOpenGL (123)
[2018.09.09-20.38.29:759][173]LogModuleManager: Shutting down and abandoning module ShaderFormatD3D (121)
[2018.09.09-20.38.29:759][173]LogModuleManager: Shutting down and abandoning module MetalShaderFormat (119)
[2018.09.09-20.38.29:759][173]LogModuleManager: Shutting down and abandoning module TextureFormatUncompressed (117)
[2018.09.09-20.38.29:759][173]LogModuleManager: Shutting down and abandoning module TextureFormatPVR (115)
[2018.09.09-20.38.29:759][173]LogModuleManager: Shutting down and abandoning module TextureFormatDXT (113)
[2018.09.09-20.38.29:759][173]LogModuleManager: Shutting down and abandoning module TextureFormatIntelISPCTexComp (111)
[2018.09.09-20.38.29:760][173]LogModuleManager: Shutting down and abandoning module TextureFormatASTC (109)
[2018.09.09-20.38.29:760][173]LogModuleManager: Shutting down and abandoning module ImageWrapper (108)
[2018.09.09-20.38.29:760][173]LogModuleManager: Shutting down and abandoning module TextureFormatAndroid (105)
[2018.09.09-20.38.29:760][173]LogModuleManager: Shutting down and abandoning module AudioFormatOpus (103)
[2018.09.09-20.38.29:760][173]LogModuleManager: Shutting down and abandoning module AudioFormatOgg (101)
[2018.09.09-20.38.29:760][173]LogModuleManager: Shutting down and abandoning module AudioFormatADPCM (99)
[2018.09.09-20.38.29:760][173]LogModuleManager: Shutting down and abandoning module WindowsTargetPlatform (97)
[2018.09.09-20.38.29:760][173]LogModuleManager: Shutting down and abandoning module WindowsServerTargetPlatform (95)
[2018.09.09-20.38.29:760][173]LogModuleManager: Shutting down and abandoning module WindowsNoEditorTargetPlatform (93)
[2018.09.09-20.38.29:760][173]LogModuleManager: Shutting down and abandoning module WindowsClientTargetPlatform (91)
[2018.09.09-20.38.29:760][173]LogModuleManager: Shutting down and abandoning module InputCore (88)
[2018.09.09-20.38.29:760][173]LogModuleManager: Shutting down and abandoning module Settings (86)
[2018.09.09-20.38.29:760][173]LogModuleManager: Shutting down and abandoning module PhysXCooking (84)
[2018.09.09-20.38.29:760][173]LogModuleManager: Shutting down and abandoning module SteamVR (82)
[2018.09.09-20.38.29:760][173]LogModuleManager: Shutting down and abandoning module OculusHMD (80)
[2018.09.09-20.38.29:760][173]LogModuleManager: Shutting down and abandoning module ExampleDeviceProfileSelector (78)
[2018.09.09-20.38.29:760][173]LogModuleManager: Shutting down and abandoning module LauncherChunkInstaller (76)
[2018.09.09-20.38.29:760][173]LogModuleManager: Shutting down and abandoning module OnlineBlueprintSupport (74)
[2018.09.09-20.38.29:760][173]LogModuleManager: Shutting down and abandoning module OnlineSubsystem (70)
[2018.09.09-20.38.29:760][173]LogModuleManager: Shutting down and abandoning module XMPP (65)
[2018.09.09-20.38.29:760][173]LogModuleManager: Shutting down and abandoning module WebSockets (64)
[2018.09.09-20.38.29:763][173]LogModuleManager: Shutting down and abandoning module HTTP (61)
[2018.09.09-20.38.29:792][173]LogModuleManager: Shutting down and abandoning module SSL (60)
[2018.09.09-20.38.29:793][173]LogModuleManager: Shutting down and abandoning module MagicLeapEmulator (56)
[2018.09.09-20.38.29:793][173]LogModuleManager: Shutting down and abandoning module MagicLeapPrivileges (54)
[2018.09.09-20.38.29:793][173]LogModuleManager: Shutting down and abandoning module MagicLeapIdentity (52)
[2018.09.09-20.38.29:793][173]LogModuleManager: Shutting down and abandoning module MagicLeapHelperVulkan (50)
[2018.09.09-20.38.29:793][173]LogModuleManager: Shutting down and abandoning module MagicLeapHelperOpenGL (48)
[2018.09.09-20.38.29:793][173]LogModuleManager: Shutting down and abandoning module MagicLeapSecureStorage (46)
[2018.09.09-20.38.29:793][173]LogModuleManager: Shutting down and abandoning module MagicLeapGestures (44)
[2018.09.09-20.38.29:793][173]LogModuleManager: Shutting down and abandoning module MagicLeapEyeTracker (42)
[2018.09.09-20.38.29:794][173]LogModuleManager: Shutting down and abandoning module MagicLeapController (40)
[2018.09.09-20.38.29:794][173]LogSlate: Slate User Destroyed.  User Index 0, Is Virtual User: 0
[2018.09.09-20.38.29:794][173]LogModuleManager: Shutting down and abandoning module MagicLeap (38)
[2018.09.09-20.38.29:794][173]LogModuleManager: Shutting down and abandoning module AnimationModifiers (36)
[2018.09.09-20.38.29:794][173]LogModuleManager: Shutting down and abandoning module PropertyEditor (35)
[2018.09.09-20.38.29:794][173]LogModuleManager: Shutting down and abandoning module AudioEditor (32)
[2018.09.09-20.38.29:794][173]LogModuleManager: Shutting down and abandoning module TextureCompressor (30)
[2018.09.09-20.38.29:794][173]LogModuleManager: Shutting down and abandoning module ShaderCore (28)
[2018.09.09-20.38.29:794][173]LogModuleManager: Shutting down and abandoning module Landscape (26)
[2018.09.09-20.38.29:794][173]LogModuleManager: Shutting down and abandoning module SlateRHIRenderer (24)
[2018.09.09-20.38.29:794][173]LogModuleManager: Shutting down and abandoning module OpenGLDrv (22)
[2018.09.09-20.38.29:794][173]LogModuleManager: Shutting down and abandoning module D3D11RHI (20)
[2018.09.09-20.38.29:794][173]LogModuleManager: Shutting down and abandoning module AnimGraphRuntime (18)
[2018.09.09-20.38.29:794][173]LogModuleManager: Shutting down and abandoning module Renderer (16)
[2018.09.09-20.38.29:794][173]LogModuleManager: Shutting down and abandoning module Engine (14)
[2018.09.09-20.38.29:794][173]LogModuleManager: Shutting down and abandoning module CoreUObject (12)
[2018.09.09-20.38.29:794][173]LogModuleManager: Shutting down and abandoning module NetworkFile (10)
[2018.09.09-20.38.29:794][173]LogModuleManager: Shutting down and abandoning module CookedIterativeFile (8)
[2018.09.09-20.38.29:794][173]LogModuleManager: Shutting down and abandoning module StreamingFile (6)
[2018.09.09-20.38.29:794][173]LogModuleManager: Shutting down and abandoning module SandboxFile (4)
[2018.09.09-20.38.29:794][173]LogModuleManager: Shutting down and abandoning module PakFile (2)
[2018.09.09-20.38.30:142][173]LogStats: FPlatformStackWalk::StackWalkAndDump -  0.347 s
[2018.09.09-20.38.30:142][173]LogOutputDevice: Error: === Handled ensure: ===
[2018.09.09-20.38.30:142][173]LogOutputDevice: Error: 
[2018.09.09-20.38.30:142][173]LogOutputDevice: Error: Ensure condition failed: this->IsBound() [File:D:\RocketSync\4.20.0-4212847+++UE4+Release-4.20\Working\Engine\Source\Runtime\Core\Public\Delegates/DelegateSignatureImpl.inl] [Line: 1058]
[2018.09.09-20.38.30:142][173]LogOutputDevice: Error: Unable to bind delegate to 'socketClientConnectionEventDelegate' (function might not be marked as a UFUNCTION or object may be pending kill)
[2018.09.09-20.38.30:142][173]LogOutputDevice: Error: Stack: 
[2018.09.09-20.38.30:142][173]LogOutputDevice: Error: [Callstack] 0x00007ffb238371e6 UE4Editor-Core.dll!UnknownFunction []
[2018.09.09-20.38.30:142][173]LogOutputDevice: Error: [Callstack] 0x00007ffb23570c82 UE4Editor-Core.dll!UnknownFunction []
[2018.09.09-20.38.30:142][173]LogOutputDevice: Error: [Callstack] 0x00007ffb2358b346 UE4Editor-Core.dll!UnknownFunction []
[2018.09.09-20.38.30:142][173]LogOutputDevice: Error: [Callstack] 0x00007ffb05c03fca UE4Editor-SocketClient.dll!TBaseDynamicDelegate<FWeakObjectPtr,void,bool,FString>::__Internal_BindDynamic<USocketClientBPLibrary>() [d:\rocketsync\4.20.0-4212847+++ue4+release-4.20\working\engine\source\runtime\core\public\delegates\delegatesignatureimpl.inl:1058]
[2018.09.09-20.38.30:142][173]LogOutputDevice: Error: [Callstack] 0x00007ffb05c04e3b UE4Editor-SocketClient.dll!USocketClientBPLibrary::USocketClientBPLibrary() [d:\build\++portal+dev-marketplace+full\sync\localbuilds\plugintemp\hostproject\plugins\socketclient\source\socketclient\private\socketclientbplibrary.cpp:17]
[2018.09.09-20.38.30:142][173]LogOutputDevice: Error: [Callstack] 0x00007ffb22c12e1a UE4Editor-CoreUObject.dll!UnknownFunction []
[2018.09.09-20.38.30:142][173]LogOutputDevice: Error: [Callstack] 0x00007ffb05c03242 UE4Editor-SocketClient.dll!NewObject<USocketClientBPLibrary>() [d:\rocketsync\4.20.0-4212847+++ue4+release-4.20\working\engine\source\runtime\coreuobject\public\uobject\uobjectglobals.h:1162]
[2018.09.09-20.38.30:142][173]LogOutputDevice: Error: [Callstack] 0x00007ffb05c11304 UE4Editor-SocketClient.dll!USocketClientHandler::getSocketClientTarget() [d:\build\++portal+dev-marketplace+full\sync\localbuilds\plugintemp\hostproject\plugins\socketclient\source\socketclient\private\socketclienthandler.cpp:17]
[2018.09.09-20.38.30:142][173]LogOutputDevice: Error: [Callstack] 0x00007ffb05c05f90 UE4Editor-SocketClient.dll!<lambda_2cf0b6947aac3c61518627cb097f1265>::operator()() [d:\build\++portal+dev-marketplace+full\sync\localbuilds\plugintemp\hostproject\plugins\socketclient\source\socketclient\private\socketclientbplibrary.cpp:149]
[2018.09.09-20.38.30:142][173]LogOutputDevice: Error: [Callstack] 0x00007ffb233e6347 UE4Editor-Core.dll!UnknownFunction []
[2018.09.09-20.38.30:142][173]LogOutputDevice: Error: [Callstack] 0x00007ffb233f1f92 UE4Editor-Core.dll!UnknownFunction []
[2018.09.09-20.38.30:142][173]LogOutputDevice: Error: [Callstack] 0x00007ffb233f2456 UE4Editor-Core.dll!UnknownFunction []
[2018.09.09-20.38.30:142][173]LogOutputDevice: Error: [Callstack] 0x00007ffb23406d25 UE4Editor-Core.dll!UnknownFunction []
[2018.09.09-20.38.30:142][173]LogOutputDevice: Error: [Callstack] 0x00007ffb23406710 UE4Editor-Core.dll!UnknownFunction []
[2018.09.09-20.38.30:142][173]LogOutputDevice: Error: [Callstack] 0x00007ffb236d0e7e UE4Editor-Core.dll!UnknownFunction []
[2018.09.09-20.38.30:142][173]LogOutputDevice: Error: [Callstack] 0x00007ffb2370f523 UE4Editor-Core.dll!UnknownFunction []
[2018.09.09-20.38.30:142][173]LogOutputDevice: Error: [Callstack] 0x00007ff69b375208 UE4Editor.exe!UnknownFunction []
[2018.09.09-20.38.30:142][173]LogOutputDevice: Error: [Callstack] 0x00007ff69b375b71 UE4Editor.exe!UnknownFunction []
[2018.09.09-20.38.30:142][173]LogOutputDevice: Error: [Callstack] 0x00007ff69b375bba UE4Editor.exe!UnknownFunction []
[2018.09.09-20.38.30:142][173]LogOutputDevice: Error: [Callstack] 0x00007ff69b383dac UE4Editor.exe!UnknownFunction []
[2018.09.09-20.38.30:142][173]LogOutputDevice: Error: [Callstack] 0x00007ff69b385aaa UE4Editor.exe!UnknownFunction []
[2018.09.09-20.38.30:142][173]LogOutputDevice: Error: [Callstack] 0x00007ffb56653034 KERNEL32.DLL!UnknownFunction []
[2018.09.09-20.38.30:142][173]LogOutputDevice: Error: [Callstack] 0x00007ffb56ac1431 ntdll.dll!UnknownFunction []
[2018.09.09-20.38.30:142][173]LogOutputDevice: Error: 
[2018.09.09-20.38.30:153][173]LogStats:                SubmitErrorReport -  0.000 s
[2018.09.09-20.38.30:412][173]LogStats:                    SendNewReport -  0.259 s
[2018.09.09-20.38.30:412][173]LogStats:             FDebug::EnsureFailed -  0.617 s
[2018.09.09-20.38.30:413][173]LogStats: FPlatformStackWalk::StackWalkAndDump -  0.001 s
[2018.09.09-20.38.30:413][173]LogOutputDevice: Error: === Handled ensure: ===
[2018.09.09-20.38.30:413][173]LogOutputDevice: Error: 
[2018.09.09-20.38.30:414][173]LogOutputDevice: Error: Ensure condition failed: this->IsBound() [File:D:\RocketSync\4.20.0-4212847+++UE4+Release-4.20\Working\Engine\Source\Runtime\Core\Public\Delegates/DelegateSignatureImpl.inl] [Line: 1058]
[2018.09.09-20.38.30:414][173]LogOutputDevice: Error: Unable to bind delegate to 'receiveTCPMessageEventDelegate' (function might not be marked as a UFUNCTION or object may be pending kill)
[2018.09.09-20.38.30:414][173]LogOutputDevice: Error: Stack: 
[2018.09.09-20.38.30:414][173]LogOutputDevice: Error: [Callstack] 0x00007ffb238371e6 UE4Editor-Core.dll!UnknownFunction []
[2018.09.09-20.38.30:414][173]LogOutputDevice: Error: [Callstack] 0x00007ffb23570c82 UE4Editor-Core.dll!UnknownFunction []
[2018.09.09-20.38.30:414][173]LogOutputDevice: Error: [Callstack] 0x00007ffb2358b346 UE4Editor-Core.dll!UnknownFunction []
[2018.09.09-20.38.30:414][173]LogOutputDevice: Error: [Callstack] 0x00007ffb05c03c6a UE4Editor-SocketClient.dll!TBaseDynamicDelegate<FWeakObjectPtr,void,FString,TArray<unsigned char,FDefaultAllocator> const & __ptr64>::__Internal_BindDynamic<USocketClientBPLibrary>() [d:\rocketsync\4.20.0-4212847+++ue4+release-4.20\working\engine\source\runtime\core\public\delegates\delegatesignatureimpl.inl:1058]
[2018.09.09-20.38.30:414][173]LogOutputDevice: Error: [Callstack] 0x00007ffb05c04fba UE4Editor-SocketClient.dll!USocketClientBPLibrary::USocketClientBPLibrary() [d:\build\++portal+dev-marketplace+full\sync\localbuilds\plugintemp\hostproject\plugins\socketclient\source\socketclient\private\socketclientbplibrary.cpp:18]
[2018.09.09-20.38.30:414][173]LogOutputDevice: Error: [Callstack] 0x00007ffb22c12e1a UE4Editor-CoreUObject.dll!UnknownFunction []
[2018.09.09-20.38.30:414][173]LogOutputDevice: Error: [Callstack] 0x00007ffb05c03242 UE4Editor-SocketClient.dll!NewObject<USocketClientBPLibrary>() [d:\rocketsync\4.20.0-4212847+++ue4+release-4.20\working\engine\source\runtime\coreuobject\public\uobject\uobjectglobals.h:1162]
[2018.09.09-20.38.30:414][173]LogOutputDevice: Error: [Callstack] 0x00007ffb05c11304 UE4Editor-SocketClient.dll!USocketClientHandler::getSocketClientTarget() [d:\build\++portal+dev-marketplace+full\sync\localbuilds\plugintemp\hostproject\plugins\socketclient\source\socketclient\private\socketclienthandler.cpp:17]
[2018.09.09-20.38.30:414][173]LogOutputDevice: Error: [Callstack] 0x00007ffb05c05f90 UE4Editor-SocketClient.dll!<lambda_2cf0b6947aac3c61518627cb097f1265>::operator()() [d:\build\++portal+dev-marketplace+full\sync\localbuilds\plugintemp\hostproject\plugins\socketclient\source\socketclient\private\socketclientbplibrary.cpp:149]
[2018.09.09-20.38.30:414][173]LogOutputDevice: Error: [Callstack] 0x00007ffb233e6347 UE4Editor-Core.dll!UnknownFunction []
[2018.09.09-20.38.30:414][173]LogOutputDevice: Error: [Callstack] 0x00007ffb233f1f92 UE4Editor-Core.dll!UnknownFunction []
[2018.09.09-20.38.30:414][173]LogOutputDevice: Error: [Callstack] 0x00007ffb233f2456 UE4Editor-Core.dll!UnknownFunction []
[2018.09.09-20.38.30:414][173]LogOutputDevice: Error: [Callstack] 0x00007ffb23406d25 UE4Editor-Core.dll!UnknownFunction []
[2018.09.09-20.38.30:414][173]LogOutputDevice: Error: [Callstack] 0x00007ffb23406710 UE4Editor-Core.dll!UnknownFunction []
[2018.09.09-20.38.30:414][173]LogOutputDevice: Error: [Callstack] 0x00007ffb236d0e7e UE4Editor-Core.dll!UnknownFunction []
[2018.09.09-20.38.30:414][173]LogOutputDevice: Error: [Callstack] 0x00007ffb2370f523 UE4Editor-Core.dll!UnknownFunction []
[2018.09.09-20.38.30:414][173]LogOutputDevice: Error: [Callstack] 0x00007ff69b375208 UE4Editor.exe!UnknownFunction []
[2018.09.09-20.38.30:414][173]LogOutputDevice: Error: [Callstack] 0x00007ff69b375b71 UE4Editor.exe!UnknownFunction []
[2018.09.09-20.38.30:414][173]LogOutputDevice: Error: [Callstack] 0x00007ff69b375bba UE4Editor.exe!UnknownFunction []
[2018.09.09-20.38.30:414][173]LogOutputDevice: Error: [Callstack] 0x00007ff69b383dac UE4Editor.exe!UnknownFunction []
[2018.09.09-20.38.30:414][173]LogOutputDevice: Error: [Callstack] 0x00007ff69b385aaa UE4Editor.exe!UnknownFunction []
[2018.09.09-20.38.30:414][173]LogOutputDevice: Error: [Callstack] 0x00007ffb56653034 KERNEL32.DLL!UnknownFunction []
[2018.09.09-20.38.30:414][173]LogOutputDevice: Error: [Callstack] 0x00007ffb56ac1431 ntdll.dll!UnknownFunction []
[2018.09.09-20.38.30:414][173]LogOutputDevice: Error: 
[2018.09.09-20.38.30:418][173]LogStats:                SubmitErrorReport -  0.000 s
[2018.09.09-20.38.30:677][173]LogStats:                    SendNewReport -  0.259 s
[2018.09.09-20.38.30:677][173]LogStats:             FDebug::EnsureFailed -  0.266 s
[2018.09.09-20.38.30:678][173]LogStats: FPlatformStackWalk::StackWalkAndDump -  0.001 s
[2018.09.09-20.38.30:678][173]LogOutputDevice: Error: === Handled ensure: ===
[2018.09.09-20.38.30:678][173]LogOutputDevice: Error: 
[2018.09.09-20.38.30:678][173]LogOutputDevice: Error: Ensure condition failed: this->IsBound() [File:D:\RocketSync\4.20.0-4212847+++UE4+Release-4.20\Working\Engine\Source\Runtime\Core\Public\Delegates/DelegateSignatureImpl.inl] [Line: 1058]
[2018.09.09-20.38.30:678][173]LogOutputDevice: Error: Unable to bind delegate to 'receiveUDPMessageEventDelegate' (function might not be marked as a UFUNCTION or object may be pending kill)
[2018.09.09-20.38.30:678][173]LogOutputDevice: Error: Stack: 
[2018.09.09-20.38.30:678][173]LogOutputDevice: Error: [Callstack] 0x00007ffb238371e6 UE4Editor-Core.dll!UnknownFunction []
[2018.09.09-20.38.30:678][173]LogOutputDevice: Error: [Callstack] 0x00007ffb23570c82 UE4Editor-Core.dll!UnknownFunction []
[2018.09.09-20.38.30:678][173]LogOutputDevice: Error: [Callstack] 0x00007ffb2358b346 UE4Editor-Core.dll!UnknownFunction []
[2018.09.09-20.38.30:678][173]LogOutputDevice: Error: [Callstack] 0x00007ffb05c03e1a UE4Editor-SocketClient.dll!TBaseDynamicDelegate<FWeakObjectPtr,void,FString,TArray<unsigned char,FDefaultAllocator> const & __ptr64,FString,int>::__Internal_BindDynamic<USocketClientBPLibrary>() [d:\rocketsync\4.20.0-4212847+++ue4+release-4.20\working\engine\source\runtime\core\public\delegates\delegatesignatureimpl.inl:1058]
[2018.09.09-20.38.30:678][173]LogOutputDevice: Error: [Callstack] 0x00007ffb05c0513a UE4Editor-SocketClient.dll!USocketClientBPLibrary::USocketClientBPLibrary() [d:\build\++portal+dev-marketplace+full\sync\localbuilds\plugintemp\hostproject\plugins\socketclient\source\socketclient\private\socketclientbplibrary.cpp:19]
[2018.09.09-20.38.30:678][173]LogOutputDevice: Error: [Callstack] 0x00007ffb22c12e1a UE4Editor-CoreUObject.dll!UnknownFunction []
[2018.09.09-20.38.30:678][173]LogOutputDevice: Error: [Callstack] 0x00007ffb05c03242 UE4Editor-SocketClient.dll!NewObject<USocketClientBPLibrary>() [d:\rocketsync\4.20.0-4212847+++ue4+release-4.20\working\engine\source\runtime\coreuobject\public\uobject\uobjectglobals.h:1162]
[2018.09.09-20.38.30:678][173]LogOutputDevice: Error: [Callstack] 0x00007ffb05c11304 UE4Editor-SocketClient.dll!USocketClientHandler::getSocketClientTarget() [d:\build\++portal+dev-marketplace+full\sync\localbuilds\plugintemp\hostproject\plugins\socketclient\source\socketclient\private\socketclienthandler.cpp:17]
[2018.09.09-20.38.30:678][173]LogOutputDevice: Error: [Callstack] 0x00007ffb05c05f90 UE4Editor-SocketClient.dll!<lambda_2cf0b6947aac3c61518627cb097f1265>::operator()() [d:\build\++portal+dev-marketplace+full\sync\localbuilds\plugintemp\hostproject\plugins\socketclient\source\socketclient\private\socketclientbplibrary.cpp:149]
[2018.09.09-20.38.30:678][173]LogOutputDevice: Error: [Callstack] 0x00007ffb233e6347 UE4Editor-Core.dll!UnknownFunction []
[2018.09.09-20.38.30:678][173]LogOutputDevice: Error: [Callstack] 0x00007ffb233f1f92 UE4Editor-Core.dll!UnknownFunction []
[2018.09.09-20.38.30:678][173]LogOutputDevice: Error: [Callstack] 0x00007ffb233f2456 UE4Editor-Core.dll!UnknownFunction []
[2018.09.09-20.38.30:678][173]LogOutputDevice: Error: [Callstack] 0x00007ffb23406d25 UE4Editor-Core.dll!UnknownFunction []
[2018.09.09-20.38.30:679][173]LogOutputDevice: Error: [Callstack] 0x00007ffb23406710 UE4Editor-Core.dll!UnknownFunction []
[2018.09.09-20.38.30:679][173]LogOutputDevice: Error: [Callstack] 0x00007ffb236d0e7e UE4Editor-Core.dll!UnknownFunction []
[2018.09.09-20.38.30:679][173]LogOutputDevice: Error: [Callstack] 0x00007ffb2370f523 UE4Editor-Core.dll!UnknownFunction []
[2018.09.09-20.38.30:679][173]LogOutputDevice: Error: [Callstack] 0x00007ff69b375208 UE4Editor.exe!UnknownFunction []
[2018.09.09-20.38.30:679][173]LogOutputDevice: Error: [Callstack] 0x00007ff69b375b71 UE4Editor.exe!UnknownFunction []
[2018.09.09-20.38.30:679][173]LogOutputDevice: Error: [Callstack] 0x00007ff69b375bba UE4Editor.exe!UnknownFunction []
[2018.09.09-20.38.30:679][173]LogOutputDevice: Error: [Callstack] 0x00007ff69b383dac UE4Editor.exe!UnknownFunction []
[2018.09.09-20.38.30:679][173]LogOutputDevice: Error: [Callstack] 0x00007ff69b385aaa UE4Editor.exe!UnknownFunction []
[2018.09.09-20.38.30:679][173]LogOutputDevice: Error: [Callstack] 0x00007ffb56653034 KERNEL32.DLL!UnknownFunction []
[2018.09.09-20.38.30:679][173]LogOutputDevice: Error: [Callstack] 0x00007ffb56ac1431 ntdll.dll!UnknownFunction []
[2018.09.09-20.38.30:679][173]LogOutputDevice: Error: 
[2018.09.09-20.38.30:684][173]LogStats:                SubmitErrorReport -  0.000 s
[2018.09.09-20.38.30:973][173]LogStats:                    SendNewReport -  0.288 s
[2018.09.09-20.38.30:973][173]LogStats:             FDebug::EnsureFailed -  0.296 s
[2018.09.09-20.38.31:611][173]LogWindows: Error: === Critical error: ===
[2018.09.09-20.38.31:611][173]LogWindows: Error: 
[2018.09.09-20.38.31:611][173]LogWindows: Error: Unhandled Exception: EXCEPTION_ACCESS_VIOLATION 0x45352f80
[2018.09.09-20.38.31:611][173]LogWindows: Error: 
[2018.09.09-20.38.31:611][173]LogWindows: Error: [Callstack] 0x000001d045352f80 UnknownFunction []
[2018.09.09-20.38.31:611][173]LogWindows: Error: [Callstack] 0x00007ffb22bc128a UE4Editor-CoreUObject.dll!UnknownFunction []
[2018.09.09-20.38.31:611][173]LogWindows: Error: [Callstack] 0x00007ffb22c12e27 UE4Editor-CoreUObject.dll!UnknownFunction []
[2018.09.09-20.38.31:611][173]LogWindows: Error: [Callstack] 0x00007ffb05c03242 UE4Editor-SocketClient.dll!NewObject<USocketClientBPLibrary>() [d:\rocketsync\4.20.0-4212847+++ue4+release-4.20\working\engine\source\runtime\coreuobject\public\uobject\uobjectglobals.h:1162]
[2018.09.09-20.38.31:611][173]LogWindows: Error: [Callstack] 0x00007ffb05c11304 UE4Editor-SocketClient.dll!USocketClientHandler::getSocketClientTarget() [d:\build\++portal+dev-marketplace+full\sync\localbuilds\plugintemp\hostproject\plugins\socketclient\source\socketclient\private\socketclienthandler.cpp:17]
[2018.09.09-20.38.31:611][173]LogWindows: Error: [Callstack] 0x00007ffb05c05f90 UE4Editor-SocketClient.dll!<lambda_2cf0b6947aac3c61518627cb097f1265>::operator()() [d:\build\++portal+dev-marketplace+full\sync\localbuilds\plugintemp\hostproject\plugins\socketclient\source\socketclient\private\socketclientbplibrary.cpp:149]
[2018.09.09-20.38.31:611][173]LogWindows: Error: [Callstack] 0x00007ffb233e6347 UE4Editor-Core.dll!UnknownFunction []
[2018.09.09-20.38.31:611][173]LogWindows: Error: [Callstack] 0x00007ffb233f1f92 UE4Editor-Core.dll!UnknownFunction []
[2018.09.09-20.38.31:611][173]LogWindows: Error: [Callstack] 0x00007ffb233f2456 UE4Editor-Core.dll!UnknownFunction []
[2018.09.09-20.38.31:611][173]LogWindows: Error: [Callstack] 0x00007ffb23406d25 UE4Editor-Core.dll!UnknownFunction []
[2018.09.09-20.38.31:611][173]LogWindows: Error: [Callstack] 0x00007ffb23406710 UE4Editor-Core.dll!UnknownFunction []
[2018.09.09-20.38.31:611][173]LogWindows: Error: [Callstack] 0x00007ffb236d0e7e UE4Editor-Core.dll!UnknownFunction []
[2018.09.09-20.38.31:611][173]LogWindows: Error: [Callstack] 0x00007ffb2370f523 UE4Editor-Core.dll!UnknownFunction []
[2018.09.09-20.38.31:611][173]LogWindows: Error: [Callstack] 0x00007ff69b375208 UE4Editor.exe!UnknownFunction []
[2018.09.09-20.38.31:611][173]LogWindows: Error: [Callstack] 0x00007ff69b375b71 UE4Editor.exe!UnknownFunction []
[2018.09.09-20.38.31:611][173]LogWindows: Error: [Callstack] 0x00007ff69b375bba UE4Editor.exe!UnknownFunction []
[2018.09.09-20.38.31:611][173]LogWindows: Error: [Callstack] 0x00007ff69b383dac UE4Editor.exe!UnknownFunction []
[2018.09.09-20.38.31:611][173]LogWindows: Error: [Callstack] 0x00007ff69b385aaa UE4Editor.exe!UnknownFunction []
[2018.09.09-20.38.31:611][173]LogWindows: Error: [Callstack] 0x00007ffb56653034 KERNEL32.DLL!UnknownFunction []
[2018.09.09-20.38.31:611][173]LogWindows: Error: [Callstack] 0x00007ffb56ac1431 ntdll.dll!UnknownFunction []
[2018.09.09-20.38.31:611][173]LogWindows: Error: 
[2018.09.09-20.38.31:624][173]LogWindows: FPlatformMisc::RequestExit(1)
[2018.09.09-20.38.31:633][173]Log file closed, 09/09/18 22:38:31
